{"D:\\Hacktiv8\\Materi\\Phase 2 - REPEAT\\Individual Project\\CarSwift\\server\\app.js": {"path":"D:\\Hacktiv8\\Materi\\Phase 2 - REPEAT\\Individual Project\\CarSwift\\server\\app.js","statementMap":{"0":{"start":{"line":3,"column":0},"end":{"line":3,"column":27}},"1":{"start":{"line":5,"column":16},"end":{"line":5,"column":34}},"2":{"start":{"line":7,"column":12},"end":{"line":7,"column":21}},"3":{"start":{"line":8,"column":15},"end":{"line":8,"column":34}},"4":{"start":{"line":9,"column":21},"end":{"line":9,"column":58}},"5":{"start":{"line":10,"column":13},"end":{"line":10,"column":28}},"6":{"start":{"line":12,"column":0},"end":{"line":12,"column":16}},"7":{"start":{"line":13,"column":0},"end":{"line":13,"column":48}},"8":{"start":{"line":14,"column":0},"end":{"line":14,"column":24}},"9":{"start":{"line":16,"column":0},"end":{"line":16,"column":16}},"10":{"start":{"line":18,"column":0},"end":{"line":18,"column":22}},"11":{"start":{"line":20,"column":0},"end":{"line":20,"column":21}}},"fnMap":{},"branchMap":{},"s":{"0":1,"1":1,"2":1,"3":1,"4":1,"5":1,"6":1,"7":1,"8":1,"9":1,"10":1,"11":1},"f":{},"b":{},"_coverageSchema":"1a1c01bbd47fc00a2c39e90264f33305004495a9","hash":"e95a72e620e65ee63ff1b94642f6586ed86e117f"}
,"D:\\Hacktiv8\\Materi\\Phase 2 - REPEAT\\Individual Project\\CarSwift\\server\\controllers\\carController.js": {"path":"D:\\Hacktiv8\\Materi\\Phase 2 - REPEAT\\Individual Project\\CarSwift\\server\\controllers\\carController.js","statementMap":{"0":{"start":{"line":1,"column":15},"end":{"line":1,"column":35}},"1":{"start":{"line":2,"column":16},"end":{"line":2,"column":36}},"2":{"start":{"line":6,"column":4},"end":{"line":34,"column":5}},"3":{"start":{"line":7,"column":23},"end":{"line":7,"column":31}},"4":{"start":{"line":8,"column":56},"end":{"line":8,"column":65}},"5":{"start":{"line":10,"column":24},"end":{"line":10,"column":71}},"6":{"start":{"line":12,"column":6},"end":{"line":12,"column":40}},"7":{"start":{"line":12,"column":16},"end":{"line":12,"column":40}},"8":{"start":{"line":14,"column":6},"end":{"line":14,"column":43}},"9":{"start":{"line":14,"column":17},"end":{"line":14,"column":43}},"10":{"start":{"line":16,"column":6},"end":{"line":20,"column":7}},"11":{"start":{"line":17,"column":8},"end":{"line":17,"column":39}},"12":{"start":{"line":18,"column":8},"end":{"line":18,"column":67}},"13":{"start":{"line":18,"column":22},"end":{"line":18,"column":67}},"14":{"start":{"line":19,"column":8},"end":{"line":19,"column":67}},"15":{"start":{"line":19,"column":22},"end":{"line":19,"column":67}},"16":{"start":{"line":22,"column":24},"end":{"line":22,"column":26}},"17":{"start":{"line":23,"column":6},"end":{"line":23,"column":69}},"18":{"start":{"line":23,"column":26},"end":{"line":23,"column":69}},"19":{"start":{"line":24,"column":6},"end":{"line":24,"column":71}},"20":{"start":{"line":24,"column":27},"end":{"line":24,"column":71}},"21":{"start":{"line":26,"column":19},"end":{"line":29,"column":8}},"22":{"start":{"line":31,"column":6},"end":{"line":31,"column":33}},"23":{"start":{"line":33,"column":6},"end":{"line":33,"column":18}},"24":{"start":{"line":38,"column":4},"end":{"line":53,"column":5}},"25":{"start":{"line":39,"column":21},"end":{"line":39,"column":31}},"26":{"start":{"line":40,"column":23},"end":{"line":40,"column":31}},"27":{"start":{"line":42,"column":24},"end":{"line":42,"column":79}},"28":{"start":{"line":44,"column":18},"end":{"line":44,"column":59}},"29":{"start":{"line":46,"column":6},"end":{"line":48,"column":7}},"30":{"start":{"line":47,"column":8},"end":{"line":47,"column":61}},"31":{"start":{"line":50,"column":6},"end":{"line":50,"column":20}},"32":{"start":{"line":52,"column":6},"end":{"line":52,"column":18}},"33":{"start":{"line":57,"column":4},"end":{"line":63,"column":5}},"34":{"start":{"line":58,"column":18},"end":{"line":58,"column":44}},"35":{"start":{"line":60,"column":6},"end":{"line":60,"column":32}},"36":{"start":{"line":62,"column":6},"end":{"line":62,"column":18}},"37":{"start":{"line":67,"column":4},"end":{"line":106,"column":5}},"38":{"start":{"line":68,"column":64},"end":{"line":68,"column":72}},"39":{"start":{"line":70,"column":6},"end":{"line":72,"column":7}},"40":{"start":{"line":71,"column":8},"end":{"line":71,"column":70}},"41":{"start":{"line":74,"column":6},"end":{"line":76,"column":7}},"42":{"start":{"line":75,"column":8},"end":{"line":75,"column":71}},"43":{"start":{"line":78,"column":6},"end":{"line":80,"column":7}},"44":{"start":{"line":79,"column":8},"end":{"line":79,"column":70}},"45":{"start":{"line":82,"column":6},"end":{"line":84,"column":7}},"46":{"start":{"line":83,"column":8},"end":{"line":83,"column":70}},"47":{"start":{"line":86,"column":6},"end":{"line":88,"column":7}},"48":{"start":{"line":87,"column":8},"end":{"line":87,"column":71}},"49":{"start":{"line":90,"column":6},"end":{"line":92,"column":7}},"50":{"start":{"line":91,"column":8},"end":{"line":91,"column":79}},"51":{"start":{"line":94,"column":21},"end":{"line":94,"column":31}},"52":{"start":{"line":96,"column":18},"end":{"line":96,"column":40}},"53":{"start":{"line":97,"column":6},"end":{"line":99,"column":7}},"54":{"start":{"line":98,"column":8},"end":{"line":98,"column":56}},"55":{"start":{"line":101,"column":6},"end":{"line":101,"column":52}},"56":{"start":{"line":103,"column":6},"end":{"line":103,"column":74}},"57":{"start":{"line":105,"column":6},"end":{"line":105,"column":18}},"58":{"start":{"line":110,"column":4},"end":{"line":123,"column":5}},"59":{"start":{"line":111,"column":21},"end":{"line":111,"column":31}},"60":{"start":{"line":113,"column":18},"end":{"line":113,"column":40}},"61":{"start":{"line":114,"column":6},"end":{"line":116,"column":7}},"62":{"start":{"line":115,"column":8},"end":{"line":115,"column":56}},"63":{"start":{"line":118,"column":6},"end":{"line":118,"column":43}},"64":{"start":{"line":120,"column":6},"end":{"line":120,"column":64}},"65":{"start":{"line":122,"column":6},"end":{"line":122,"column":18}},"66":{"start":{"line":127,"column":0},"end":{"line":127,"column":31}}},"fnMap":{"0":{"name":"(anonymous_0)","decl":{"start":{"line":5,"column":2},"end":{"line":5,"column":3}},"loc":{"start":{"line":5,"column":42},"end":{"line":35,"column":3}},"line":5},"1":{"name":"(anonymous_1)","decl":{"start":{"line":37,"column":2},"end":{"line":37,"column":3}},"loc":{"start":{"line":37,"column":42},"end":{"line":54,"column":3}},"line":37},"2":{"name":"(anonymous_2)","decl":{"start":{"line":56,"column":2},"end":{"line":56,"column":3}},"loc":{"start":{"line":56,"column":41},"end":{"line":64,"column":3}},"line":56},"3":{"name":"(anonymous_3)","decl":{"start":{"line":66,"column":2},"end":{"line":66,"column":3}},"loc":{"start":{"line":66,"column":45},"end":{"line":107,"column":3}},"line":66},"4":{"name":"(anonymous_4)","decl":{"start":{"line":109,"column":2},"end":{"line":109,"column":3}},"loc":{"start":{"line":109,"column":41},"end":{"line":124,"column":3}},"line":109}},"branchMap":{"0":{"loc":{"start":{"line":10,"column":24},"end":{"line":10,"column":71}},"type":"cond-expr","locations":[{"start":{"line":10,"column":43},"end":{"line":10,"column":45}},{"start":{"line":10,"column":48},"end":{"line":10,"column":71}}],"line":10},"1":{"loc":{"start":{"line":12,"column":6},"end":{"line":12,"column":40}},"type":"if","locations":[{"start":{"line":12,"column":6},"end":{"line":12,"column":40}},{"start":{},"end":{}}],"line":12},"2":{"loc":{"start":{"line":14,"column":6},"end":{"line":14,"column":43}},"type":"if","locations":[{"start":{"line":14,"column":6},"end":{"line":14,"column":43}},{"start":{},"end":{}}],"line":14},"3":{"loc":{"start":{"line":16,"column":6},"end":{"line":20,"column":7}},"type":"if","locations":[{"start":{"line":16,"column":6},"end":{"line":20,"column":7}},{"start":{},"end":{}}],"line":16},"4":{"loc":{"start":{"line":16,"column":10},"end":{"line":16,"column":30}},"type":"binary-expr","locations":[{"start":{"line":16,"column":10},"end":{"line":16,"column":18}},{"start":{"line":16,"column":22},"end":{"line":16,"column":30}}],"line":16},"5":{"loc":{"start":{"line":18,"column":8},"end":{"line":18,"column":67}},"type":"if","locations":[{"start":{"line":18,"column":8},"end":{"line":18,"column":67}},{"start":{},"end":{}}],"line":18},"6":{"loc":{"start":{"line":19,"column":8},"end":{"line":19,"column":67}},"type":"if","locations":[{"start":{"line":19,"column":8},"end":{"line":19,"column":67}},{"start":{},"end":{}}],"line":19},"7":{"loc":{"start":{"line":23,"column":6},"end":{"line":23,"column":69}},"type":"if","locations":[{"start":{"line":23,"column":6},"end":{"line":23,"column":69}},{"start":{},"end":{}}],"line":23},"8":{"loc":{"start":{"line":24,"column":6},"end":{"line":24,"column":71}},"type":"if","locations":[{"start":{"line":24,"column":6},"end":{"line":24,"column":71}},{"start":{},"end":{}}],"line":24},"9":{"loc":{"start":{"line":42,"column":24},"end":{"line":42,"column":79}},"type":"cond-expr","locations":[{"start":{"line":42,"column":43},"end":{"line":42,"column":49}},{"start":{"line":42,"column":52},"end":{"line":42,"column":79}}],"line":42},"10":{"loc":{"start":{"line":46,"column":6},"end":{"line":48,"column":7}},"type":"if","locations":[{"start":{"line":46,"column":6},"end":{"line":48,"column":7}},{"start":{},"end":{}}],"line":46},"11":{"loc":{"start":{"line":70,"column":6},"end":{"line":72,"column":7}},"type":"if","locations":[{"start":{"line":70,"column":6},"end":{"line":72,"column":7}},{"start":{},"end":{}}],"line":70},"12":{"loc":{"start":{"line":74,"column":6},"end":{"line":76,"column":7}},"type":"if","locations":[{"start":{"line":74,"column":6},"end":{"line":76,"column":7}},{"start":{},"end":{}}],"line":74},"13":{"loc":{"start":{"line":78,"column":6},"end":{"line":80,"column":7}},"type":"if","locations":[{"start":{"line":78,"column":6},"end":{"line":80,"column":7}},{"start":{},"end":{}}],"line":78},"14":{"loc":{"start":{"line":82,"column":6},"end":{"line":84,"column":7}},"type":"if","locations":[{"start":{"line":82,"column":6},"end":{"line":84,"column":7}},{"start":{},"end":{}}],"line":82},"15":{"loc":{"start":{"line":86,"column":6},"end":{"line":88,"column":7}},"type":"if","locations":[{"start":{"line":86,"column":6},"end":{"line":88,"column":7}},{"start":{},"end":{}}],"line":86},"16":{"loc":{"start":{"line":90,"column":6},"end":{"line":92,"column":7}},"type":"if","locations":[{"start":{"line":90,"column":6},"end":{"line":92,"column":7}},{"start":{},"end":{}}],"line":90},"17":{"loc":{"start":{"line":97,"column":6},"end":{"line":99,"column":7}},"type":"if","locations":[{"start":{"line":97,"column":6},"end":{"line":99,"column":7}},{"start":{},"end":{}}],"line":97},"18":{"loc":{"start":{"line":114,"column":6},"end":{"line":116,"column":7}},"type":"if","locations":[{"start":{"line":114,"column":6},"end":{"line":116,"column":7}},{"start":{},"end":{}}],"line":114}},"s":{"0":1,"1":1,"2":0,"3":0,"4":0,"5":0,"6":0,"7":0,"8":0,"9":0,"10":0,"11":0,"12":0,"13":0,"14":0,"15":0,"16":0,"17":0,"18":0,"19":0,"20":0,"21":0,"22":0,"23":0,"24":0,"25":0,"26":0,"27":0,"28":0,"29":0,"30":0,"31":0,"32":0,"33":0,"34":0,"35":0,"36":0,"37":0,"38":0,"39":0,"40":0,"41":0,"42":0,"43":0,"44":0,"45":0,"46":0,"47":0,"48":0,"49":0,"50":0,"51":0,"52":0,"53":0,"54":0,"55":0,"56":0,"57":0,"58":0,"59":0,"60":0,"61":0,"62":0,"63":0,"64":0,"65":0,"66":1},"f":{"0":0,"1":0,"2":0,"3":0,"4":0},"b":{"0":[0,0],"1":[0,0],"2":[0,0],"3":[0,0],"4":[0,0],"5":[0,0],"6":[0,0],"7":[0,0],"8":[0,0],"9":[0,0],"10":[0,0],"11":[0,0],"12":[0,0],"13":[0,0],"14":[0,0],"15":[0,0],"16":[0,0],"17":[0,0],"18":[0,0]},"_coverageSchema":"1a1c01bbd47fc00a2c39e90264f33305004495a9","hash":"4bf278529b56fab3ab94fc93c34cdb011b747372"}
,"D:\\Hacktiv8\\Materi\\Phase 2 - REPEAT\\Individual Project\\CarSwift\\server\\controllers\\index.js": {"path":"D:\\Hacktiv8\\Materi\\Phase 2 - REPEAT\\Individual Project\\CarSwift\\server\\controllers\\index.js","statementMap":{"0":{"start":{"line":3,"column":4},"end":{"line":3,"column":53}},"1":{"start":{"line":7,"column":0},"end":{"line":7,"column":28}}},"fnMap":{"0":{"name":"(anonymous_0)","decl":{"start":{"line":2,"column":2},"end":{"line":2,"column":3}},"loc":{"start":{"line":2,"column":30},"end":{"line":4,"column":3}},"line":2}},"branchMap":{},"s":{"0":0,"1":1},"f":{"0":0},"b":{},"_coverageSchema":"1a1c01bbd47fc00a2c39e90264f33305004495a9","hash":"7ab076b4749d5fd2707706e25082332837f6e1c2"}
,"D:\\Hacktiv8\\Materi\\Phase 2 - REPEAT\\Individual Project\\CarSwift\\server\\controllers\\publicController.js": {"path":"D:\\Hacktiv8\\Materi\\Phase 2 - REPEAT\\Individual Project\\CarSwift\\server\\controllers\\publicController.js","statementMap":{"0":{"start":{"line":1,"column":15},"end":{"line":1,"column":35}},"1":{"start":{"line":2,"column":16},"end":{"line":2,"column":36}},"2":{"start":{"line":16,"column":8},"end":{"line":16,"column":17}},"3":{"start":{"line":17,"column":4},"end":{"line":74,"column":5}},"4":{"start":{"line":19,"column":24},"end":{"line":19,"column":47}},"5":{"start":{"line":21,"column":6},"end":{"line":25,"column":7}},"6":{"start":{"line":22,"column":8},"end":{"line":24,"column":10}},"7":{"start":{"line":27,"column":6},"end":{"line":29,"column":7}},"8":{"start":{"line":28,"column":8},"end":{"line":28,"column":32}},"9":{"start":{"line":31,"column":6},"end":{"line":33,"column":7}},"10":{"start":{"line":32,"column":8},"end":{"line":32,"column":34}},"11":{"start":{"line":35,"column":6},"end":{"line":43,"column":7}},"12":{"start":{"line":36,"column":8},"end":{"line":36,"column":39}},"13":{"start":{"line":37,"column":8},"end":{"line":39,"column":9}},"14":{"start":{"line":38,"column":10},"end":{"line":38,"column":55}},"15":{"start":{"line":40,"column":8},"end":{"line":42,"column":9}},"16":{"start":{"line":41,"column":10},"end":{"line":41,"column":55}},"17":{"start":{"line":46,"column":18},"end":{"line":46,"column":20}},"18":{"start":{"line":47,"column":6},"end":{"line":52,"column":7}},"19":{"start":{"line":48,"column":29},"end":{"line":48,"column":71}},"20":{"start":{"line":49,"column":8},"end":{"line":51,"column":9}},"21":{"start":{"line":50,"column":10},"end":{"line":50,"column":68}},"22":{"start":{"line":55,"column":25},"end":{"line":55,"column":44}},"23":{"start":{"line":56,"column":23},"end":{"line":56,"column":44}},"24":{"start":{"line":57,"column":21},"end":{"line":57,"column":48}},"25":{"start":{"line":59,"column":47},"end":{"line":64,"column":8}},"26":{"start":{"line":66,"column":6},"end":{"line":71,"column":9}},"27":{"start":{"line":73,"column":6},"end":{"line":73,"column":18}},"28":{"start":{"line":78,"column":4},"end":{"line":90,"column":5}},"29":{"start":{"line":79,"column":21},"end":{"line":79,"column":31}},"30":{"start":{"line":81,"column":18},"end":{"line":81,"column":40}},"31":{"start":{"line":83,"column":6},"end":{"line":85,"column":7}},"32":{"start":{"line":84,"column":8},"end":{"line":84,"column":56}},"33":{"start":{"line":87,"column":6},"end":{"line":87,"column":20}},"34":{"start":{"line":89,"column":6},"end":{"line":89,"column":18}},"35":{"start":{"line":94,"column":0},"end":{"line":94,"column":34}}},"fnMap":{"0":{"name":"(anonymous_0)","decl":{"start":{"line":5,"column":2},"end":{"line":5,"column":3}},"loc":{"start":{"line":5,"column":42},"end":{"line":75,"column":3}},"line":5},"1":{"name":"(anonymous_1)","decl":{"start":{"line":77,"column":2},"end":{"line":77,"column":3}},"loc":{"start":{"line":77,"column":45},"end":{"line":91,"column":3}},"line":77}},"branchMap":{"0":{"loc":{"start":{"line":21,"column":6},"end":{"line":25,"column":7}},"type":"if","locations":[{"start":{"line":21,"column":6},"end":{"line":25,"column":7}},{"start":{},"end":{}}],"line":21},"1":{"loc":{"start":{"line":27,"column":6},"end":{"line":29,"column":7}},"type":"if","locations":[{"start":{"line":27,"column":6},"end":{"line":29,"column":7}},{"start":{},"end":{}}],"line":27},"2":{"loc":{"start":{"line":31,"column":6},"end":{"line":33,"column":7}},"type":"if","locations":[{"start":{"line":31,"column":6},"end":{"line":33,"column":7}},{"start":{},"end":{}}],"line":31},"3":{"loc":{"start":{"line":35,"column":6},"end":{"line":43,"column":7}},"type":"if","locations":[{"start":{"line":35,"column":6},"end":{"line":43,"column":7}},{"start":{},"end":{}}],"line":35},"4":{"loc":{"start":{"line":35,"column":10},"end":{"line":35,"column":30}},"type":"binary-expr","locations":[{"start":{"line":35,"column":10},"end":{"line":35,"column":18}},{"start":{"line":35,"column":22},"end":{"line":35,"column":30}}],"line":35},"5":{"loc":{"start":{"line":37,"column":8},"end":{"line":39,"column":9}},"type":"if","locations":[{"start":{"line":37,"column":8},"end":{"line":39,"column":9}},{"start":{},"end":{}}],"line":37},"6":{"loc":{"start":{"line":40,"column":8},"end":{"line":42,"column":9}},"type":"if","locations":[{"start":{"line":40,"column":8},"end":{"line":42,"column":9}},{"start":{},"end":{}}],"line":40},"7":{"loc":{"start":{"line":47,"column":6},"end":{"line":52,"column":7}},"type":"if","locations":[{"start":{"line":47,"column":6},"end":{"line":52,"column":7}},{"start":{},"end":{}}],"line":47},"8":{"loc":{"start":{"line":49,"column":8},"end":{"line":51,"column":9}},"type":"if","locations":[{"start":{"line":49,"column":8},"end":{"line":51,"column":9}},{"start":{},"end":{}}],"line":49},"9":{"loc":{"start":{"line":50,"column":30},"end":{"line":50,"column":65}},"type":"cond-expr","locations":[{"start":{"line":50,"column":51},"end":{"line":50,"column":57}},{"start":{"line":50,"column":60},"end":{"line":50,"column":65}}],"line":50},"10":{"loc":{"start":{"line":55,"column":25},"end":{"line":55,"column":44}},"type":"binary-expr","locations":[{"start":{"line":55,"column":25},"end":{"line":55,"column":39}},{"start":{"line":55,"column":43},"end":{"line":55,"column":44}}],"line":55},"11":{"loc":{"start":{"line":56,"column":23},"end":{"line":56,"column":44}},"type":"binary-expr","locations":[{"start":{"line":56,"column":23},"end":{"line":56,"column":38}},{"start":{"line":56,"column":42},"end":{"line":56,"column":44}}],"line":56},"12":{"loc":{"start":{"line":83,"column":6},"end":{"line":85,"column":7}},"type":"if","locations":[{"start":{"line":83,"column":6},"end":{"line":85,"column":7}},{"start":{},"end":{}}],"line":83}},"s":{"0":1,"1":1,"2":0,"3":0,"4":0,"5":0,"6":0,"7":0,"8":0,"9":0,"10":0,"11":0,"12":0,"13":0,"14":0,"15":0,"16":0,"17":0,"18":0,"19":0,"20":0,"21":0,"22":0,"23":0,"24":0,"25":0,"26":0,"27":0,"28":0,"29":0,"30":0,"31":0,"32":0,"33":0,"34":0,"35":1},"f":{"0":0,"1":0},"b":{"0":[0,0],"1":[0,0],"2":[0,0],"3":[0,0],"4":[0,0],"5":[0,0],"6":[0,0],"7":[0,0],"8":[0,0],"9":[0,0],"10":[0,0],"11":[0,0],"12":[0,0]},"_coverageSchema":"1a1c01bbd47fc00a2c39e90264f33305004495a9","hash":"cf34f30a7f8511cef9a50aa2308b8f2f9d843649"}
,"D:\\Hacktiv8\\Materi\\Phase 2 - REPEAT\\Individual Project\\CarSwift\\server\\controllers\\rentalController.js": {"path":"D:\\Hacktiv8\\Materi\\Phase 2 - REPEAT\\Individual Project\\CarSwift\\server\\controllers\\rentalController.js","statementMap":{"0":{"start":{"line":1,"column":27},"end":{"line":1,"column":62}},"1":{"start":{"line":2,"column":30},"end":{"line":2,"column":50}},"2":{"start":{"line":6,"column":4},"end":{"line":66,"column":5}},"3":{"start":{"line":7,"column":21},"end":{"line":7,"column":31}},"4":{"start":{"line":8,"column":41},"end":{"line":8,"column":49}},"5":{"start":{"line":9,"column":21},"end":{"line":9,"column":32}},"6":{"start":{"line":11,"column":20},"end":{"line":11,"column":22}},"7":{"start":{"line":13,"column":6},"end":{"line":15,"column":7}},"8":{"start":{"line":14,"column":8},"end":{"line":14,"column":65}},"9":{"start":{"line":17,"column":6},"end":{"line":19,"column":7}},"10":{"start":{"line":18,"column":8},"end":{"line":18,"column":73}},"11":{"start":{"line":21,"column":6},"end":{"line":23,"column":7}},"12":{"start":{"line":22,"column":8},"end":{"line":22,"column":73}},"13":{"start":{"line":25,"column":6},"end":{"line":30,"column":7}},"14":{"start":{"line":26,"column":8},"end":{"line":29,"column":10}},"15":{"start":{"line":32,"column":18},"end":{"line":32,"column":43}},"16":{"start":{"line":33,"column":6},"end":{"line":35,"column":7}},"17":{"start":{"line":34,"column":8},"end":{"line":34,"column":61}},"18":{"start":{"line":36,"column":6},"end":{"line":38,"column":7}},"19":{"start":{"line":37,"column":8},"end":{"line":37,"column":70}},"20":{"start":{"line":40,"column":29},"end":{"line":45,"column":8}},"21":{"start":{"line":47,"column":6},"end":{"line":49,"column":7}},"22":{"start":{"line":48,"column":8},"end":{"line":48,"column":71}},"23":{"start":{"line":51,"column":21},"end":{"line":57,"column":8}},"24":{"start":{"line":59,"column":6},"end":{"line":59,"column":45}},"25":{"start":{"line":61,"column":6},"end":{"line":63,"column":78}},"26":{"start":{"line":65,"column":6},"end":{"line":65,"column":18}},"27":{"start":{"line":70,"column":4},"end":{"line":83,"column":5}},"28":{"start":{"line":71,"column":22},"end":{"line":74,"column":8}},"29":{"start":{"line":76,"column":6},"end":{"line":78,"column":7}},"30":{"start":{"line":77,"column":8},"end":{"line":77,"column":65}},"31":{"start":{"line":80,"column":6},"end":{"line":80,"column":40}},"32":{"start":{"line":82,"column":6},"end":{"line":82,"column":18}},"33":{"start":{"line":88,"column":4},"end":{"line":105,"column":5}},"34":{"start":{"line":89,"column":22},"end":{"line":100,"column":8}},"35":{"start":{"line":102,"column":6},"end":{"line":102,"column":40}},"36":{"start":{"line":104,"column":6},"end":{"line":104,"column":18}},"37":{"start":{"line":109,"column":4},"end":{"line":134,"column":5}},"38":{"start":{"line":110,"column":21},"end":{"line":110,"column":31}},"39":{"start":{"line":112,"column":21},"end":{"line":112,"column":77}},"40":{"start":{"line":114,"column":6},"end":{"line":116,"column":7}},"41":{"start":{"line":115,"column":8},"end":{"line":115,"column":64}},"42":{"start":{"line":117,"column":6},"end":{"line":122,"column":7}},"43":{"start":{"line":118,"column":8},"end":{"line":121,"column":10}},"44":{"start":{"line":124,"column":6},"end":{"line":124,"column":74}},"45":{"start":{"line":126,"column":6},"end":{"line":126,"column":55}},"46":{"start":{"line":128,"column":34},"end":{"line":128,"column":60}},"47":{"start":{"line":129,"column":6},"end":{"line":131,"column":9}},"48":{"start":{"line":133,"column":6},"end":{"line":133,"column":18}},"49":{"start":{"line":138,"column":0},"end":{"line":138,"column":34}}},"fnMap":{"0":{"name":"(anonymous_0)","decl":{"start":{"line":5,"column":2},"end":{"line":5,"column":3}},"loc":{"start":{"line":5,"column":39},"end":{"line":67,"column":3}},"line":5},"1":{"name":"(anonymous_1)","decl":{"start":{"line":69,"column":2},"end":{"line":69,"column":3}},"loc":{"start":{"line":69,"column":46},"end":{"line":84,"column":3}},"line":69},"2":{"name":"(anonymous_2)","decl":{"start":{"line":87,"column":2},"end":{"line":87,"column":3}},"loc":{"start":{"line":87,"column":45},"end":{"line":106,"column":3}},"line":87},"3":{"name":"(anonymous_3)","decl":{"start":{"line":108,"column":2},"end":{"line":108,"column":3}},"loc":{"start":{"line":108,"column":41},"end":{"line":135,"column":3}},"line":108}},"branchMap":{"0":{"loc":{"start":{"line":13,"column":6},"end":{"line":15,"column":7}},"type":"if","locations":[{"start":{"line":13,"column":6},"end":{"line":15,"column":7}},{"start":{},"end":{}}],"line":13},"1":{"loc":{"start":{"line":17,"column":6},"end":{"line":19,"column":7}},"type":"if","locations":[{"start":{"line":17,"column":6},"end":{"line":19,"column":7}},{"start":{},"end":{}}],"line":17},"2":{"loc":{"start":{"line":21,"column":6},"end":{"line":23,"column":7}},"type":"if","locations":[{"start":{"line":21,"column":6},"end":{"line":23,"column":7}},{"start":{},"end":{}}],"line":21},"3":{"loc":{"start":{"line":25,"column":6},"end":{"line":30,"column":7}},"type":"if","locations":[{"start":{"line":25,"column":6},"end":{"line":30,"column":7}},{"start":{},"end":{}}],"line":25},"4":{"loc":{"start":{"line":33,"column":6},"end":{"line":35,"column":7}},"type":"if","locations":[{"start":{"line":33,"column":6},"end":{"line":35,"column":7}},{"start":{},"end":{}}],"line":33},"5":{"loc":{"start":{"line":36,"column":6},"end":{"line":38,"column":7}},"type":"if","locations":[{"start":{"line":36,"column":6},"end":{"line":38,"column":7}},{"start":{},"end":{}}],"line":36},"6":{"loc":{"start":{"line":47,"column":6},"end":{"line":49,"column":7}},"type":"if","locations":[{"start":{"line":47,"column":6},"end":{"line":49,"column":7}},{"start":{},"end":{}}],"line":47},"7":{"loc":{"start":{"line":76,"column":6},"end":{"line":78,"column":7}},"type":"if","locations":[{"start":{"line":76,"column":6},"end":{"line":78,"column":7}},{"start":{},"end":{}}],"line":76},"8":{"loc":{"start":{"line":114,"column":6},"end":{"line":116,"column":7}},"type":"if","locations":[{"start":{"line":114,"column":6},"end":{"line":116,"column":7}},{"start":{},"end":{}}],"line":114},"9":{"loc":{"start":{"line":117,"column":6},"end":{"line":122,"column":7}},"type":"if","locations":[{"start":{"line":117,"column":6},"end":{"line":122,"column":7}},{"start":{},"end":{}}],"line":117},"10":{"loc":{"start":{"line":117,"column":10},"end":{"line":117,"column":68}},"type":"binary-expr","locations":[{"start":{"line":117,"column":10},"end":{"line":117,"column":39}},{"start":{"line":117,"column":43},"end":{"line":117,"column":68}}],"line":117}},"s":{"0":1,"1":1,"2":0,"3":0,"4":0,"5":0,"6":0,"7":0,"8":0,"9":0,"10":0,"11":0,"12":0,"13":0,"14":0,"15":0,"16":0,"17":0,"18":0,"19":0,"20":0,"21":0,"22":0,"23":0,"24":0,"25":0,"26":0,"27":0,"28":0,"29":0,"30":0,"31":0,"32":0,"33":0,"34":0,"35":0,"36":0,"37":0,"38":0,"39":0,"40":0,"41":0,"42":0,"43":0,"44":0,"45":0,"46":0,"47":0,"48":0,"49":1},"f":{"0":0,"1":0,"2":0,"3":0},"b":{"0":[0,0],"1":[0,0],"2":[0,0],"3":[0,0],"4":[0,0],"5":[0,0],"6":[0,0],"7":[0,0],"8":[0,0],"9":[0,0],"10":[0,0]},"_coverageSchema":"1a1c01bbd47fc00a2c39e90264f33305004495a9","hash":"1e77192ea4c9a1699352f6bb41a1f67d163573bf"}
,"D:\\Hacktiv8\\Materi\\Phase 2 - REPEAT\\Individual Project\\CarSwift\\server\\controllers\\userController.js": {"path":"D:\\Hacktiv8\\Materi\\Phase 2 - REPEAT\\Individual Project\\CarSwift\\server\\controllers\\userController.js","statementMap":{"0":{"start":{"line":1,"column":14},"end":{"line":1,"column":30}},"1":{"start":{"line":2,"column":31},"end":{"line":2,"column":63}},"2":{"start":{"line":3,"column":25},"end":{"line":3,"column":55}},"3":{"start":{"line":4,"column":17},"end":{"line":4,"column":37}},"4":{"start":{"line":5,"column":42},"end":{"line":5,"column":70}},"5":{"start":{"line":6,"column":22},"end":{"line":6,"column":47}},"6":{"start":{"line":7,"column":17},"end":{"line":7,"column":37}},"7":{"start":{"line":8,"column":18},"end":{"line":8,"column":38}},"8":{"start":{"line":10,"column":14},"end":{"line":10,"column":64}},"9":{"start":{"line":11,"column":23},"end":{"line":11,"column":48}},"10":{"start":{"line":15,"column":4},"end":{"line":68,"column":5}},"11":{"start":{"line":16,"column":40},"end":{"line":16,"column":48}},"12":{"start":{"line":17,"column":29},"end":{"line":17,"column":37}},"13":{"start":{"line":19,"column":23},"end":{"line":19,"column":60}},"14":{"start":{"line":20,"column":6},"end":{"line":20,"column":32}},"15":{"start":{"line":22,"column":20},"end":{"line":22,"column":75}},"16":{"start":{"line":24,"column":21},"end":{"line":29,"column":7}},"17":{"start":{"line":31,"column":21},"end":{"line":31,"column":56}},"18":{"start":{"line":32,"column":29},"end":{"line":32,"column":58}},"19":{"start":{"line":34,"column":6},"end":{"line":36,"column":7}},"20":{"start":{"line":35,"column":8},"end":{"line":35,"column":67}},"21":{"start":{"line":39,"column":6},"end":{"line":53,"column":7}},"22":{"start":{"line":40,"column":21},"end":{"line":40,"column":35}},"23":{"start":{"line":41,"column":8},"end":{"line":41,"column":71}},"24":{"start":{"line":43,"column":25},"end":{"line":49,"column":9}},"25":{"start":{"line":51,"column":27},"end":{"line":51,"column":49}},"26":{"start":{"line":52,"column":8},"end":{"line":52,"column":75}},"27":{"start":{"line":55,"column":19},"end":{"line":60,"column":8}},"28":{"start":{"line":62,"column":6},"end":{"line":65,"column":9}},"29":{"start":{"line":67,"column":6},"end":{"line":67,"column":18}},"30":{"start":{"line":72,"column":4},"end":{"line":93,"column":5}},"31":{"start":{"line":73,"column":34},"end":{"line":73,"column":42}},"32":{"start":{"line":74,"column":6},"end":{"line":76,"column":7}},"33":{"start":{"line":75,"column":8},"end":{"line":75,"column":74}},"34":{"start":{"line":78,"column":19},"end":{"line":78,"column":59}},"35":{"start":{"line":79,"column":6},"end":{"line":81,"column":7}},"36":{"start":{"line":80,"column":8},"end":{"line":80,"column":73}},"37":{"start":{"line":83,"column":30},"end":{"line":83,"column":70}},"38":{"start":{"line":84,"column":6},"end":{"line":86,"column":7}},"39":{"start":{"line":85,"column":8},"end":{"line":85,"column":73}},"40":{"start":{"line":88,"column":27},"end":{"line":88,"column":70}},"41":{"start":{"line":90,"column":6},"end":{"line":90,"column":50}},"42":{"start":{"line":92,"column":6},"end":{"line":92,"column":18}},"43":{"start":{"line":97,"column":4},"end":{"line":124,"column":5}},"44":{"start":{"line":98,"column":30},"end":{"line":98,"column":38}},"45":{"start":{"line":100,"column":21},"end":{"line":100,"column":39}},"46":{"start":{"line":102,"column":21},"end":{"line":106,"column":8}},"47":{"start":{"line":107,"column":22},"end":{"line":107,"column":41}},"48":{"start":{"line":109,"column":21},"end":{"line":117,"column":8}},"49":{"start":{"line":119,"column":27},"end":{"line":119,"column":70}},"50":{"start":{"line":121,"column":6},"end":{"line":121,"column":50}},"51":{"start":{"line":123,"column":6},"end":{"line":123,"column":18}},"52":{"start":{"line":128,"column":4},"end":{"line":139,"column":5}},"53":{"start":{"line":129,"column":21},"end":{"line":129,"column":32}},"54":{"start":{"line":131,"column":19},"end":{"line":131,"column":46}},"55":{"start":{"line":132,"column":6},"end":{"line":134,"column":7}},"56":{"start":{"line":133,"column":8},"end":{"line":133,"column":62}},"57":{"start":{"line":136,"column":6},"end":{"line":136,"column":33}},"58":{"start":{"line":138,"column":6},"end":{"line":138,"column":18}},"59":{"start":{"line":143,"column":4},"end":{"line":164,"column":5}},"60":{"start":{"line":144,"column":21},"end":{"line":144,"column":32}},"61":{"start":{"line":145,"column":40},"end":{"line":145,"column":48}},"62":{"start":{"line":147,"column":19},"end":{"line":147,"column":46}},"63":{"start":{"line":148,"column":6},"end":{"line":150,"column":7}},"64":{"start":{"line":149,"column":8},"end":{"line":149,"column":62}},"65":{"start":{"line":152,"column":24},"end":{"line":152,"column":26}},"66":{"start":{"line":153,"column":6},"end":{"line":153,"column":54}},"67":{"start":{"line":153,"column":30},"end":{"line":153,"column":54}},"68":{"start":{"line":154,"column":6},"end":{"line":154,"column":57}},"69":{"start":{"line":154,"column":31},"end":{"line":154,"column":57}},"70":{"start":{"line":155,"column":6},"end":{"line":157,"column":7}},"71":{"start":{"line":156,"column":8},"end":{"line":156,"column":54}},"72":{"start":{"line":159,"column":6},"end":{"line":159,"column":37}},"73":{"start":{"line":161,"column":6},"end":{"line":161,"column":72}},"74":{"start":{"line":163,"column":6},"end":{"line":163,"column":18}},"75":{"start":{"line":168,"column":4},"end":{"line":203,"column":5}},"76":{"start":{"line":169,"column":21},"end":{"line":169,"column":32}},"77":{"start":{"line":170,"column":29},"end":{"line":170,"column":37}},"78":{"start":{"line":172,"column":6},"end":{"line":174,"column":7}},"79":{"start":{"line":173,"column":8},"end":{"line":173,"column":77}},"80":{"start":{"line":176,"column":19},"end":{"line":176,"column":46}},"81":{"start":{"line":177,"column":6},"end":{"line":179,"column":7}},"82":{"start":{"line":178,"column":8},"end":{"line":178,"column":62}},"83":{"start":{"line":181,"column":19},"end":{"line":181,"column":33}},"84":{"start":{"line":182,"column":6},"end":{"line":182,"column":69}},"85":{"start":{"line":184,"column":23},"end":{"line":188,"column":7}},"86":{"start":{"line":190,"column":32},"end":{"line":193,"column":7}},"87":{"start":{"line":195,"column":6},"end":{"line":195,"column":63}},"88":{"start":{"line":197,"column":6},"end":{"line":200,"column":9}},"89":{"start":{"line":202,"column":6},"end":{"line":202,"column":18}},"90":{"start":{"line":207,"column":4},"end":{"line":222,"column":5}},"91":{"start":{"line":208,"column":21},"end":{"line":208,"column":29}},"92":{"start":{"line":210,"column":19},"end":{"line":210,"column":42}},"93":{"start":{"line":211,"column":6},"end":{"line":213,"column":7}},"94":{"start":{"line":212,"column":8},"end":{"line":212,"column":62}},"95":{"start":{"line":215,"column":6},"end":{"line":215,"column":27}},"96":{"start":{"line":217,"column":6},"end":{"line":219,"column":73}},"97":{"start":{"line":221,"column":6},"end":{"line":221,"column":18}},"98":{"start":{"line":226,"column":4},"end":{"line":235,"column":5}},"99":{"start":{"line":227,"column":20},"end":{"line":230,"column":8}},"100":{"start":{"line":232,"column":6},"end":{"line":232,"column":34}},"101":{"start":{"line":234,"column":6},"end":{"line":234,"column":18}},"102":{"start":{"line":239,"column":4},"end":{"line":259,"column":5}},"103":{"start":{"line":240,"column":21},"end":{"line":240,"column":31}},"104":{"start":{"line":241,"column":23},"end":{"line":241,"column":31}},"105":{"start":{"line":243,"column":27},"end":{"line":243,"column":48}},"106":{"start":{"line":244,"column":6},"end":{"line":246,"column":7}},"107":{"start":{"line":245,"column":8},"end":{"line":245,"column":62}},"108":{"start":{"line":248,"column":24},"end":{"line":248,"column":70}},"109":{"start":{"line":250,"column":6},"end":{"line":252,"column":7}},"110":{"start":{"line":251,"column":8},"end":{"line":251,"column":62}},"111":{"start":{"line":254,"column":6},"end":{"line":256,"column":73}},"112":{"start":{"line":258,"column":6},"end":{"line":258,"column":18}},"113":{"start":{"line":263,"column":0},"end":{"line":263,"column":32}}},"fnMap":{"0":{"name":"(anonymous_0)","decl":{"start":{"line":14,"column":2},"end":{"line":14,"column":3}},"loc":{"start":{"line":14,"column":40},"end":{"line":69,"column":3}},"line":14},"1":{"name":"(anonymous_1)","decl":{"start":{"line":71,"column":2},"end":{"line":71,"column":3}},"loc":{"start":{"line":71,"column":37},"end":{"line":94,"column":3}},"line":71},"2":{"name":"(anonymous_2)","decl":{"start":{"line":96,"column":2},"end":{"line":96,"column":3}},"loc":{"start":{"line":96,"column":43},"end":{"line":125,"column":3}},"line":96},"3":{"name":"(anonymous_3)","decl":{"start":{"line":127,"column":2},"end":{"line":127,"column":3}},"loc":{"start":{"line":127,"column":45},"end":{"line":140,"column":3}},"line":127},"4":{"name":"(anonymous_4)","decl":{"start":{"line":142,"column":2},"end":{"line":142,"column":3}},"loc":{"start":{"line":142,"column":45},"end":{"line":165,"column":3}},"line":142},"5":{"name":"(anonymous_5)","decl":{"start":{"line":167,"column":2},"end":{"line":167,"column":3}},"loc":{"start":{"line":167,"column":52},"end":{"line":204,"column":3}},"line":167},"6":{"name":"(anonymous_6)","decl":{"start":{"line":206,"column":2},"end":{"line":206,"column":3}},"loc":{"start":{"line":206,"column":45},"end":{"line":223,"column":3}},"line":206},"7":{"name":"(anonymous_7)","decl":{"start":{"line":225,"column":2},"end":{"line":225,"column":3}},"loc":{"start":{"line":225,"column":43},"end":{"line":236,"column":3}},"line":225},"8":{"name":"(anonymous_8)","decl":{"start":{"line":238,"column":2},"end":{"line":238,"column":3}},"loc":{"start":{"line":238,"column":46},"end":{"line":260,"column":3}},"line":238}},"branchMap":{"0":{"loc":{"start":{"line":34,"column":6},"end":{"line":36,"column":7}},"type":"if","locations":[{"start":{"line":34,"column":6},"end":{"line":36,"column":7}},{"start":{},"end":{}}],"line":34},"1":{"loc":{"start":{"line":39,"column":6},"end":{"line":53,"column":7}},"type":"if","locations":[{"start":{"line":39,"column":6},"end":{"line":53,"column":7}},{"start":{},"end":{}}],"line":39},"2":{"loc":{"start":{"line":74,"column":6},"end":{"line":76,"column":7}},"type":"if","locations":[{"start":{"line":74,"column":6},"end":{"line":76,"column":7}},{"start":{},"end":{}}],"line":74},"3":{"loc":{"start":{"line":74,"column":10},"end":{"line":74,"column":29}},"type":"binary-expr","locations":[{"start":{"line":74,"column":10},"end":{"line":74,"column":16}},{"start":{"line":74,"column":20},"end":{"line":74,"column":29}}],"line":74},"4":{"loc":{"start":{"line":79,"column":6},"end":{"line":81,"column":7}},"type":"if","locations":[{"start":{"line":79,"column":6},"end":{"line":81,"column":7}},{"start":{},"end":{}}],"line":79},"5":{"loc":{"start":{"line":84,"column":6},"end":{"line":86,"column":7}},"type":"if","locations":[{"start":{"line":84,"column":6},"end":{"line":86,"column":7}},{"start":{},"end":{}}],"line":84},"6":{"loc":{"start":{"line":132,"column":6},"end":{"line":134,"column":7}},"type":"if","locations":[{"start":{"line":132,"column":6},"end":{"line":134,"column":7}},{"start":{},"end":{}}],"line":132},"7":{"loc":{"start":{"line":148,"column":6},"end":{"line":150,"column":7}},"type":"if","locations":[{"start":{"line":148,"column":6},"end":{"line":150,"column":7}},{"start":{},"end":{}}],"line":148},"8":{"loc":{"start":{"line":153,"column":6},"end":{"line":153,"column":54}},"type":"if","locations":[{"start":{"line":153,"column":6},"end":{"line":153,"column":54}},{"start":{},"end":{}}],"line":153},"9":{"loc":{"start":{"line":154,"column":6},"end":{"line":154,"column":57}},"type":"if","locations":[{"start":{"line":154,"column":6},"end":{"line":154,"column":57}},{"start":{},"end":{}}],"line":154},"10":{"loc":{"start":{"line":155,"column":6},"end":{"line":157,"column":7}},"type":"if","locations":[{"start":{"line":155,"column":6},"end":{"line":157,"column":7}},{"start":{},"end":{}}],"line":155},"11":{"loc":{"start":{"line":172,"column":6},"end":{"line":174,"column":7}},"type":"if","locations":[{"start":{"line":172,"column":6},"end":{"line":174,"column":7}},{"start":{},"end":{}}],"line":172},"12":{"loc":{"start":{"line":177,"column":6},"end":{"line":179,"column":7}},"type":"if","locations":[{"start":{"line":177,"column":6},"end":{"line":179,"column":7}},{"start":{},"end":{}}],"line":177},"13":{"loc":{"start":{"line":211,"column":6},"end":{"line":213,"column":7}},"type":"if","locations":[{"start":{"line":211,"column":6},"end":{"line":213,"column":7}},{"start":{},"end":{}}],"line":211},"14":{"loc":{"start":{"line":244,"column":6},"end":{"line":246,"column":7}},"type":"if","locations":[{"start":{"line":244,"column":6},"end":{"line":246,"column":7}},{"start":{},"end":{}}],"line":244},"15":{"loc":{"start":{"line":250,"column":6},"end":{"line":252,"column":7}},"type":"if","locations":[{"start":{"line":250,"column":6},"end":{"line":252,"column":7}},{"start":{},"end":{}}],"line":250}},"s":{"0":1,"1":1,"2":1,"3":1,"4":1,"5":1,"6":1,"7":1,"8":1,"9":1,"10":0,"11":0,"12":0,"13":0,"14":0,"15":0,"16":0,"17":0,"18":0,"19":0,"20":0,"21":0,"22":0,"23":0,"24":0,"25":0,"26":0,"27":0,"28":0,"29":0,"30":0,"31":0,"32":0,"33":0,"34":0,"35":0,"36":0,"37":0,"38":0,"39":0,"40":0,"41":0,"42":0,"43":0,"44":0,"45":0,"46":0,"47":0,"48":0,"49":0,"50":0,"51":0,"52":0,"53":0,"54":0,"55":0,"56":0,"57":0,"58":0,"59":0,"60":0,"61":0,"62":0,"63":0,"64":0,"65":0,"66":0,"67":0,"68":0,"69":0,"70":0,"71":0,"72":0,"73":0,"74":0,"75":0,"76":0,"77":0,"78":0,"79":0,"80":0,"81":0,"82":0,"83":0,"84":0,"85":0,"86":0,"87":0,"88":0,"89":0,"90":0,"91":0,"92":0,"93":0,"94":0,"95":0,"96":0,"97":0,"98":0,"99":0,"100":0,"101":0,"102":0,"103":0,"104":0,"105":0,"106":0,"107":0,"108":0,"109":0,"110":0,"111":0,"112":0,"113":1},"f":{"0":0,"1":0,"2":0,"3":0,"4":0,"5":0,"6":0,"7":0,"8":0},"b":{"0":[0,0],"1":[0,0],"2":[0,0],"3":[0,0],"4":[0,0],"5":[0,0],"6":[0,0],"7":[0,0],"8":[0,0],"9":[0,0],"10":[0,0],"11":[0,0],"12":[0,0],"13":[0,0],"14":[0,0],"15":[0,0]},"_coverageSchema":"1a1c01bbd47fc00a2c39e90264f33305004495a9","hash":"e21e12119504b7c37c290f9af3a1efc0f690da5f"}
,"D:\\Hacktiv8\\Materi\\Phase 2 - REPEAT\\Individual Project\\CarSwift\\server\\helpers\\bcrypt.js": {"path":"D:\\Hacktiv8\\Materi\\Phase 2 - REPEAT\\Individual Project\\CarSwift\\server\\helpers\\bcrypt.js","statementMap":{"0":{"start":{"line":1,"column":15},"end":{"line":1,"column":34}},"1":{"start":{"line":3,"column":0},"end":{"line":10,"column":2}},"2":{"start":{"line":5,"column":4},"end":{"line":5,"column":41}},"3":{"start":{"line":8,"column":4},"end":{"line":8,"column":46}}},"fnMap":{"0":{"name":"(anonymous_0)","decl":{"start":{"line":4,"column":16},"end":{"line":4,"column":17}},"loc":{"start":{"line":4,"column":30},"end":{"line":6,"column":3}},"line":4},"1":{"name":"(anonymous_1)","decl":{"start":{"line":7,"column":19},"end":{"line":7,"column":20}},"loc":{"start":{"line":7,"column":39},"end":{"line":9,"column":3}},"line":7}},"branchMap":{},"s":{"0":1,"1":1,"2":3,"3":0},"f":{"0":3,"1":0},"b":{},"_coverageSchema":"1a1c01bbd47fc00a2c39e90264f33305004495a9","hash":"90f8862ed0172cdfe39ee3dc111d8b88a34ae1e1"}
,"D:\\Hacktiv8\\Materi\\Phase 2 - REPEAT\\Individual Project\\CarSwift\\server\\helpers\\dateFormatter.js": {"path":"D:\\Hacktiv8\\Materi\\Phase 2 - REPEAT\\Individual Project\\CarSwift\\server\\helpers\\dateFormatter.js","statementMap":{"0":{"start":{"line":2,"column":2},"end":{"line":9,"column":5}},"1":{"start":{"line":12,"column":0},"end":{"line":12,"column":36}}},"fnMap":{"0":{"name":"formatDateTime","decl":{"start":{"line":1,"column":9},"end":{"line":1,"column":23}},"loc":{"start":{"line":1,"column":30},"end":{"line":10,"column":1}},"line":1}},"branchMap":{},"s":{"0":0,"1":1},"f":{"0":0},"b":{},"_coverageSchema":"1a1c01bbd47fc00a2c39e90264f33305004495a9","hash":"7dd9b9e064bfc85e003c789916b8e9d28889b6c5"}
,"D:\\Hacktiv8\\Materi\\Phase 2 - REPEAT\\Individual Project\\CarSwift\\server\\helpers\\jwt.js": {"path":"D:\\Hacktiv8\\Materi\\Phase 2 - REPEAT\\Individual Project\\CarSwift\\server\\helpers\\jwt.js","statementMap":{"0":{"start":{"line":1,"column":12},"end":{"line":1,"column":35}},"1":{"start":{"line":3,"column":15},"end":{"line":3,"column":41}},"2":{"start":{"line":5,"column":0},"end":{"line":15,"column":2}},"3":{"start":{"line":6,"column":23},"end":{"line":6,"column":66}},"4":{"start":{"line":9,"column":4},"end":{"line":13,"column":5}},"5":{"start":{"line":10,"column":6},"end":{"line":10,"column":39}},"6":{"start":{"line":12,"column":6},"end":{"line":12,"column":79}}},"fnMap":{"0":{"name":"(anonymous_0)","decl":{"start":{"line":6,"column":13},"end":{"line":6,"column":14}},"loc":{"start":{"line":6,"column":23},"end":{"line":6,"column":66}},"line":6},"1":{"name":"(anonymous_1)","decl":{"start":{"line":8,"column":15},"end":{"line":8,"column":16}},"loc":{"start":{"line":8,"column":26},"end":{"line":14,"column":3}},"line":8}},"branchMap":{},"s":{"0":1,"1":1,"2":1,"3":0,"4":0,"5":0,"6":0},"f":{"0":0,"1":0},"b":{},"_coverageSchema":"1a1c01bbd47fc00a2c39e90264f33305004495a9","hash":"92e7d1a0c48b2a21eb571c1dcdf76267cf86a382"}
,"D:\\Hacktiv8\\Materi\\Phase 2 - REPEAT\\Individual Project\\CarSwift\\server\\middlewares\\authentication.js": {"path":"D:\\Hacktiv8\\Materi\\Phase 2 - REPEAT\\Individual Project\\CarSwift\\server\\middlewares\\authentication.js","statementMap":{"0":{"start":{"line":1,"column":24},"end":{"line":1,"column":49}},"1":{"start":{"line":2,"column":17},"end":{"line":2,"column":37}},"2":{"start":{"line":5,"column":2},"end":{"line":28,"column":3}},"3":{"start":{"line":6,"column":24},"end":{"line":6,"column":49}},"4":{"start":{"line":7,"column":4},"end":{"line":9,"column":5}},"5":{"start":{"line":8,"column":6},"end":{"line":8,"column":74}},"6":{"start":{"line":11,"column":24},"end":{"line":11,"column":49}},"7":{"start":{"line":12,"column":4},"end":{"line":14,"column":5}},"8":{"start":{"line":13,"column":6},"end":{"line":13,"column":74}},"9":{"start":{"line":16,"column":17},"end":{"line":16,"column":41}},"10":{"start":{"line":18,"column":17},"end":{"line":18,"column":45}},"11":{"start":{"line":19,"column":4},"end":{"line":21,"column":5}},"12":{"start":{"line":20,"column":6},"end":{"line":20,"column":74}},"13":{"start":{"line":23,"column":4},"end":{"line":23,"column":67}},"14":{"start":{"line":25,"column":4},"end":{"line":25,"column":11}},"15":{"start":{"line":27,"column":4},"end":{"line":27,"column":16}},"16":{"start":{"line":31,"column":0},"end":{"line":31,"column":32}}},"fnMap":{"0":{"name":"authentication","decl":{"start":{"line":4,"column":15},"end":{"line":4,"column":29}},"loc":{"start":{"line":4,"column":46},"end":{"line":29,"column":1}},"line":4}},"branchMap":{"0":{"loc":{"start":{"line":7,"column":4},"end":{"line":9,"column":5}},"type":"if","locations":[{"start":{"line":7,"column":4},"end":{"line":9,"column":5}},{"start":{},"end":{}}],"line":7},"1":{"loc":{"start":{"line":12,"column":4},"end":{"line":14,"column":5}},"type":"if","locations":[{"start":{"line":12,"column":4},"end":{"line":14,"column":5}},{"start":{},"end":{}}],"line":12},"2":{"loc":{"start":{"line":19,"column":4},"end":{"line":21,"column":5}},"type":"if","locations":[{"start":{"line":19,"column":4},"end":{"line":21,"column":5}},{"start":{},"end":{}}],"line":19}},"s":{"0":1,"1":1,"2":0,"3":0,"4":0,"5":0,"6":0,"7":0,"8":0,"9":0,"10":0,"11":0,"12":0,"13":0,"14":0,"15":0,"16":1},"f":{"0":0},"b":{"0":[0,0],"1":[0,0],"2":[0,0]},"_coverageSchema":"1a1c01bbd47fc00a2c39e90264f33305004495a9","hash":"a6c639ff456d5bbf0e681e385823cebd9dbae2ee"}
,"D:\\Hacktiv8\\Materi\\Phase 2 - REPEAT\\Individual Project\\CarSwift\\server\\middlewares\\authorization.js": {"path":"D:\\Hacktiv8\\Materi\\Phase 2 - REPEAT\\Individual Project\\CarSwift\\server\\middlewares\\authorization.js","statementMap":{"0":{"start":{"line":2,"column":2},"end":{"line":4,"column":3}},"1":{"start":{"line":3,"column":4},"end":{"line":3,"column":67}},"2":{"start":{"line":5,"column":2},"end":{"line":5,"column":9}},"3":{"start":{"line":8,"column":0},"end":{"line":8,"column":25}}},"fnMap":{"0":{"name":"isAdmin","decl":{"start":{"line":1,"column":9},"end":{"line":1,"column":16}},"loc":{"start":{"line":1,"column":33},"end":{"line":6,"column":1}},"line":1}},"branchMap":{"0":{"loc":{"start":{"line":2,"column":2},"end":{"line":4,"column":3}},"type":"if","locations":[{"start":{"line":2,"column":2},"end":{"line":4,"column":3}},{"start":{},"end":{}}],"line":2}},"s":{"0":0,"1":0,"2":0,"3":1},"f":{"0":0},"b":{"0":[0,0]},"_coverageSchema":"1a1c01bbd47fc00a2c39e90264f33305004495a9","hash":"9df7f0eac00c2a9ef4e40745e7cf1f2d655fde41"}
,"D:\\Hacktiv8\\Materi\\Phase 2 - REPEAT\\Individual Project\\CarSwift\\server\\middlewares\\checkActiveRental.js": {"path":"D:\\Hacktiv8\\Materi\\Phase 2 - REPEAT\\Individual Project\\CarSwift\\server\\middlewares\\checkActiveRental.js","statementMap":{"0":{"start":{"line":1,"column":19},"end":{"line":1,"column":39}},"1":{"start":{"line":3,"column":26},"end":{"line":25,"column":1}},"2":{"start":{"line":4,"column":2},"end":{"line":24,"column":3}},"3":{"start":{"line":5,"column":19},"end":{"line":5,"column":27}},"4":{"start":{"line":7,"column":25},"end":{"line":12,"column":6}},"5":{"start":{"line":14,"column":4},"end":{"line":19,"column":5}},"6":{"start":{"line":15,"column":6},"end":{"line":18,"column":8}},"7":{"start":{"line":21,"column":4},"end":{"line":21,"column":11}},"8":{"start":{"line":23,"column":4},"end":{"line":23,"column":16}},"9":{"start":{"line":27,"column":0},"end":{"line":27,"column":35}}},"fnMap":{"0":{"name":"(anonymous_0)","decl":{"start":{"line":3,"column":26},"end":{"line":3,"column":27}},"loc":{"start":{"line":3,"column":52},"end":{"line":25,"column":1}},"line":3}},"branchMap":{"0":{"loc":{"start":{"line":14,"column":4},"end":{"line":19,"column":5}},"type":"if","locations":[{"start":{"line":14,"column":4},"end":{"line":19,"column":5}},{"start":{},"end":{}}],"line":14}},"s":{"0":1,"1":1,"2":0,"3":0,"4":0,"5":0,"6":0,"7":0,"8":0,"9":1},"f":{"0":0},"b":{"0":[0,0]},"_coverageSchema":"1a1c01bbd47fc00a2c39e90264f33305004495a9","hash":"05476b44ba792c0c5a56e68477c7878d3c039f19"}
,"D:\\Hacktiv8\\Materi\\Phase 2 - REPEAT\\Individual Project\\CarSwift\\server\\middlewares\\errorHandler.js": {"path":"D:\\Hacktiv8\\Materi\\Phase 2 - REPEAT\\Individual Project\\CarSwift\\server\\middlewares\\errorHandler.js","statementMap":{"0":{"start":{"line":2,"column":2},"end":{"line":2,"column":23}},"1":{"start":{"line":4,"column":19},"end":{"line":4,"column":38}},"2":{"start":{"line":5,"column":16},"end":{"line":5,"column":56}},"3":{"start":{"line":7,"column":2},"end":{"line":10,"column":3}},"4":{"start":{"line":8,"column":4},"end":{"line":8,"column":21}},"5":{"start":{"line":9,"column":4},"end":{"line":9,"column":42}},"6":{"start":{"line":12,"column":2},"end":{"line":18,"column":3}},"7":{"start":{"line":16,"column":4},"end":{"line":16,"column":21}},"8":{"start":{"line":17,"column":4},"end":{"line":17,"column":38}},"9":{"start":{"line":20,"column":2},"end":{"line":23,"column":3}},"10":{"start":{"line":21,"column":4},"end":{"line":21,"column":21}},"11":{"start":{"line":22,"column":4},"end":{"line":22,"column":48}},"12":{"start":{"line":25,"column":2},"end":{"line":32,"column":3}},"13":{"start":{"line":30,"column":4},"end":{"line":30,"column":21}},"14":{"start":{"line":31,"column":4},"end":{"line":31,"column":58}},"15":{"start":{"line":34,"column":2},"end":{"line":37,"column":3}},"16":{"start":{"line":35,"column":4},"end":{"line":35,"column":21}},"17":{"start":{"line":36,"column":4},"end":{"line":36,"column":56}},"18":{"start":{"line":39,"column":2},"end":{"line":42,"column":3}},"19":{"start":{"line":40,"column":4},"end":{"line":40,"column":21}},"20":{"start":{"line":41,"column":4},"end":{"line":41,"column":52}},"21":{"start":{"line":44,"column":2},"end":{"line":47,"column":3}},"22":{"start":{"line":45,"column":4},"end":{"line":45,"column":21}},"23":{"start":{"line":46,"column":4},"end":{"line":46,"column":46}},"24":{"start":{"line":49,"column":2},"end":{"line":49,"column":43}},"25":{"start":{"line":52,"column":0},"end":{"line":52,"column":30}}},"fnMap":{"0":{"name":"errorHandler","decl":{"start":{"line":1,"column":9},"end":{"line":1,"column":21}},"loc":{"start":{"line":1,"column":45},"end":{"line":50,"column":1}},"line":1}},"branchMap":{"0":{"loc":{"start":{"line":4,"column":19},"end":{"line":4,"column":38}},"type":"binary-expr","locations":[{"start":{"line":4,"column":19},"end":{"line":4,"column":31}},{"start":{"line":4,"column":35},"end":{"line":4,"column":38}}],"line":4},"1":{"loc":{"start":{"line":5,"column":16},"end":{"line":5,"column":56}},"type":"binary-expr","locations":[{"start":{"line":5,"column":16},"end":{"line":5,"column":29}},{"start":{"line":5,"column":33},"end":{"line":5,"column":56}}],"line":5},"2":{"loc":{"start":{"line":7,"column":2},"end":{"line":10,"column":3}},"type":"if","locations":[{"start":{"line":7,"column":2},"end":{"line":10,"column":3}},{"start":{},"end":{}}],"line":7},"3":{"loc":{"start":{"line":9,"column":14},"end":{"line":9,"column":41}},"type":"binary-expr","locations":[{"start":{"line":9,"column":14},"end":{"line":9,"column":27}},{"start":{"line":9,"column":31},"end":{"line":9,"column":41}}],"line":9},"4":{"loc":{"start":{"line":12,"column":2},"end":{"line":18,"column":3}},"type":"if","locations":[{"start":{"line":12,"column":2},"end":{"line":18,"column":3}},{"start":{},"end":{}}],"line":12},"5":{"loc":{"start":{"line":13,"column":4},"end":{"line":14,"column":51}},"type":"binary-expr","locations":[{"start":{"line":13,"column":4},"end":{"line":13,"column":45}},{"start":{"line":14,"column":4},"end":{"line":14,"column":51}}],"line":13},"6":{"loc":{"start":{"line":20,"column":2},"end":{"line":23,"column":3}},"type":"if","locations":[{"start":{"line":20,"column":2},"end":{"line":23,"column":3}},{"start":{},"end":{}}],"line":20},"7":{"loc":{"start":{"line":22,"column":14},"end":{"line":22,"column":47}},"type":"binary-expr","locations":[{"start":{"line":22,"column":14},"end":{"line":22,"column":27}},{"start":{"line":22,"column":31},"end":{"line":22,"column":47}}],"line":22},"8":{"loc":{"start":{"line":25,"column":2},"end":{"line":32,"column":3}},"type":"if","locations":[{"start":{"line":25,"column":2},"end":{"line":32,"column":3}},{"start":{},"end":{}}],"line":25},"9":{"loc":{"start":{"line":26,"column":4},"end":{"line":28,"column":33}},"type":"binary-expr","locations":[{"start":{"line":26,"column":4},"end":{"line":26,"column":38}},{"start":{"line":27,"column":4},"end":{"line":27,"column":38}},{"start":{"line":28,"column":4},"end":{"line":28,"column":33}}],"line":26},"10":{"loc":{"start":{"line":31,"column":14},"end":{"line":31,"column":57}},"type":"binary-expr","locations":[{"start":{"line":31,"column":14},"end":{"line":31,"column":27}},{"start":{"line":31,"column":31},"end":{"line":31,"column":57}}],"line":31},"11":{"loc":{"start":{"line":34,"column":2},"end":{"line":37,"column":3}},"type":"if","locations":[{"start":{"line":34,"column":2},"end":{"line":37,"column":3}},{"start":{},"end":{}}],"line":34},"12":{"loc":{"start":{"line":36,"column":14},"end":{"line":36,"column":55}},"type":"binary-expr","locations":[{"start":{"line":36,"column":14},"end":{"line":36,"column":27}},{"start":{"line":36,"column":31},"end":{"line":36,"column":55}}],"line":36},"13":{"loc":{"start":{"line":39,"column":2},"end":{"line":42,"column":3}},"type":"if","locations":[{"start":{"line":39,"column":2},"end":{"line":42,"column":3}},{"start":{},"end":{}}],"line":39},"14":{"loc":{"start":{"line":41,"column":14},"end":{"line":41,"column":51}},"type":"binary-expr","locations":[{"start":{"line":41,"column":14},"end":{"line":41,"column":27}},{"start":{"line":41,"column":31},"end":{"line":41,"column":51}}],"line":41},"15":{"loc":{"start":{"line":44,"column":2},"end":{"line":47,"column":3}},"type":"if","locations":[{"start":{"line":44,"column":2},"end":{"line":47,"column":3}},{"start":{},"end":{}}],"line":44},"16":{"loc":{"start":{"line":46,"column":14},"end":{"line":46,"column":45}},"type":"binary-expr","locations":[{"start":{"line":46,"column":14},"end":{"line":46,"column":27}},{"start":{"line":46,"column":31},"end":{"line":46,"column":45}}],"line":46}},"s":{"0":0,"1":0,"2":0,"3":0,"4":0,"5":0,"6":0,"7":0,"8":0,"9":0,"10":0,"11":0,"12":0,"13":0,"14":0,"15":0,"16":0,"17":0,"18":0,"19":0,"20":0,"21":0,"22":0,"23":0,"24":0,"25":1},"f":{"0":0},"b":{"0":[0,0],"1":[0,0],"2":[0,0],"3":[0,0],"4":[0,0],"5":[0,0],"6":[0,0],"7":[0,0],"8":[0,0],"9":[0,0,0],"10":[0,0],"11":[0,0],"12":[0,0],"13":[0,0],"14":[0,0],"15":[0,0],"16":[0,0]},"_coverageSchema":"1a1c01bbd47fc00a2c39e90264f33305004495a9","hash":"e719f3422b9994421e4be7e0d51a1b2f27b9eb3d"}
,"D:\\Hacktiv8\\Materi\\Phase 2 - REPEAT\\Individual Project\\CarSwift\\server\\middlewares\\uploadPhoto.js": {"path":"D:\\Hacktiv8\\Materi\\Phase 2 - REPEAT\\Individual Project\\CarSwift\\server\\middlewares\\uploadPhoto.js","statementMap":{"0":{"start":{"line":1,"column":15},"end":{"line":1,"column":32}},"1":{"start":{"line":3,"column":16},"end":{"line":3,"column":38}},"2":{"start":{"line":4,"column":15},"end":{"line":4,"column":34}},"3":{"start":{"line":6,"column":0},"end":{"line":6,"column":24}}},"fnMap":{},"branchMap":{},"s":{"0":1,"1":1,"2":1,"3":1},"f":{},"b":{},"_coverageSchema":"1a1c01bbd47fc00a2c39e90264f33305004495a9","hash":"274fa7a87281ecd616ced24e5db18a22114d5242"}
,"D:\\Hacktiv8\\Materi\\Phase 2 - REPEAT\\Individual Project\\CarSwift\\server\\models\\car.js": {"path":"D:\\Hacktiv8\\Materi\\Phase 2 - REPEAT\\Individual Project\\CarSwift\\server\\models\\car.js","statementMap":{"0":{"start":{"line":2,"column":18},"end":{"line":2,"column":38}},"1":{"start":{"line":4,"column":0},"end":{"line":101,"column":2}},"2":{"start":{"line":13,"column":6},"end":{"line":13,"column":58}},"3":{"start":{"line":16,"column":2},"end":{"line":96,"column":4}},"4":{"start":{"line":97,"column":2},"end":{"line":99,"column":5}},"5":{"start":{"line":98,"column":4},"end":{"line":98,"column":29}},"6":{"start":{"line":100,"column":2},"end":{"line":100,"column":13}}},"fnMap":{"0":{"name":"(anonymous_0)","decl":{"start":{"line":4,"column":17},"end":{"line":4,"column":18}},"loc":{"start":{"line":4,"column":43},"end":{"line":101,"column":1}},"line":4},"1":{"name":"(anonymous_1)","decl":{"start":{"line":11,"column":4},"end":{"line":11,"column":5}},"loc":{"start":{"line":11,"column":29},"end":{"line":14,"column":5}},"line":11},"2":{"name":"(anonymous_2)","decl":{"start":{"line":97,"column":19},"end":{"line":97,"column":20}},"loc":{"start":{"line":97,"column":28},"end":{"line":99,"column":3}},"line":97}},"branchMap":{},"s":{"0":1,"1":1,"2":1,"3":1,"4":1,"5":0,"6":1},"f":{"0":1,"1":1,"2":0},"b":{},"_coverageSchema":"1a1c01bbd47fc00a2c39e90264f33305004495a9","hash":"051877987b70d1dcdcb32deba746cc9a75f3cb46"}
,"D:\\Hacktiv8\\Materi\\Phase 2 - REPEAT\\Individual Project\\CarSwift\\server\\models\\index.js": {"path":"D:\\Hacktiv8\\Materi\\Phase 2 - REPEAT\\Individual Project\\CarSwift\\server\\models\\index.js","statementMap":{"0":{"start":{"line":3,"column":11},"end":{"line":3,"column":24}},"1":{"start":{"line":4,"column":13},"end":{"line":4,"column":28}},"2":{"start":{"line":5,"column":18},"end":{"line":5,"column":38}},"3":{"start":{"line":6,"column":16},"end":{"line":6,"column":34}},"4":{"start":{"line":7,"column":17},"end":{"line":7,"column":42}},"5":{"start":{"line":8,"column":12},"end":{"line":8,"column":49}},"6":{"start":{"line":9,"column":15},"end":{"line":9,"column":65}},"7":{"start":{"line":10,"column":11},"end":{"line":10,"column":13}},"8":{"start":{"line":13,"column":0},"end":{"line":17,"column":1}},"9":{"start":{"line":14,"column":2},"end":{"line":14,"column":74}},"10":{"start":{"line":16,"column":2},"end":{"line":16,"column":87}},"11":{"start":{"line":19,"column":0},"end":{"line":32,"column":5}},"12":{"start":{"line":22,"column":4},"end":{"line":27,"column":6}},"13":{"start":{"line":30,"column":18},"end":{"line":30,"column":85}},"14":{"start":{"line":31,"column":4},"end":{"line":31,"column":27}},"15":{"start":{"line":34,"column":0},"end":{"line":38,"column":3}},"16":{"start":{"line":35,"column":2},"end":{"line":37,"column":3}},"17":{"start":{"line":36,"column":4},"end":{"line":36,"column":32}},"18":{"start":{"line":40,"column":0},"end":{"line":40,"column":25}},"19":{"start":{"line":41,"column":0},"end":{"line":41,"column":25}},"20":{"start":{"line":43,"column":0},"end":{"line":43,"column":20}}},"fnMap":{"0":{"name":"(anonymous_0)","decl":{"start":{"line":21,"column":10},"end":{"line":21,"column":11}},"loc":{"start":{"line":21,"column":18},"end":{"line":28,"column":3}},"line":21},"1":{"name":"(anonymous_1)","decl":{"start":{"line":29,"column":11},"end":{"line":29,"column":12}},"loc":{"start":{"line":29,"column":19},"end":{"line":32,"column":3}},"line":29},"2":{"name":"(anonymous_2)","decl":{"start":{"line":34,"column":24},"end":{"line":34,"column":25}},"loc":{"start":{"line":34,"column":37},"end":{"line":38,"column":1}},"line":34}},"branchMap":{"0":{"loc":{"start":{"line":8,"column":12},"end":{"line":8,"column":49}},"type":"binary-expr","locations":[{"start":{"line":8,"column":12},"end":{"line":8,"column":32}},{"start":{"line":8,"column":36},"end":{"line":8,"column":49}}],"line":8},"1":{"loc":{"start":{"line":13,"column":0},"end":{"line":17,"column":1}},"type":"if","locations":[{"start":{"line":13,"column":0},"end":{"line":17,"column":1}},{"start":{"line":15,"column":7},"end":{"line":17,"column":1}}],"line":13},"2":{"loc":{"start":{"line":23,"column":6},"end":{"line":26,"column":37}},"type":"binary-expr","locations":[{"start":{"line":23,"column":6},"end":{"line":23,"column":29}},{"start":{"line":24,"column":6},"end":{"line":24,"column":23}},{"start":{"line":25,"column":6},"end":{"line":25,"column":30}},{"start":{"line":26,"column":6},"end":{"line":26,"column":37}}],"line":23},"3":{"loc":{"start":{"line":35,"column":2},"end":{"line":37,"column":3}},"type":"if","locations":[{"start":{"line":35,"column":2},"end":{"line":37,"column":3}},{"start":{},"end":{}}],"line":35}},"s":{"0":1,"1":1,"2":1,"3":1,"4":1,"5":1,"6":1,"7":1,"8":1,"9":0,"10":1,"11":1,"12":4,"13":3,"14":3,"15":1,"16":3,"17":3,"18":1,"19":1,"20":1},"f":{"0":4,"1":3,"2":3},"b":{"0":[1,0],"1":[0,1],"2":[4,4,3,3],"3":[3,0]},"_coverageSchema":"1a1c01bbd47fc00a2c39e90264f33305004495a9","hash":"f1d7677555d574944102d2e4a4b3e8b8f3003f34"}
,"D:\\Hacktiv8\\Materi\\Phase 2 - REPEAT\\Individual Project\\CarSwift\\server\\models\\rental.js": {"path":"D:\\Hacktiv8\\Materi\\Phase 2 - REPEAT\\Individual Project\\CarSwift\\server\\models\\rental.js","statementMap":{"0":{"start":{"line":2,"column":18},"end":{"line":2,"column":38}},"1":{"start":{"line":4,"column":0},"end":{"line":86,"column":2}},"2":{"start":{"line":13,"column":6},"end":{"line":13,"column":62}},"3":{"start":{"line":14,"column":6},"end":{"line":14,"column":60}},"4":{"start":{"line":17,"column":2},"end":{"line":84,"column":4}},"5":{"start":{"line":85,"column":2},"end":{"line":85,"column":16}}},"fnMap":{"0":{"name":"(anonymous_0)","decl":{"start":{"line":4,"column":17},"end":{"line":4,"column":18}},"loc":{"start":{"line":4,"column":43},"end":{"line":86,"column":1}},"line":4},"1":{"name":"(anonymous_1)","decl":{"start":{"line":11,"column":4},"end":{"line":11,"column":5}},"loc":{"start":{"line":11,"column":29},"end":{"line":15,"column":5}},"line":11}},"branchMap":{},"s":{"0":1,"1":1,"2":1,"3":1,"4":1,"5":1},"f":{"0":1,"1":1},"b":{},"_coverageSchema":"1a1c01bbd47fc00a2c39e90264f33305004495a9","hash":"d5604abba6b3d5dcf4043a48b4e93a511ce8e537"}
,"D:\\Hacktiv8\\Materi\\Phase 2 - REPEAT\\Individual Project\\CarSwift\\server\\models\\user.js": {"path":"D:\\Hacktiv8\\Materi\\Phase 2 - REPEAT\\Individual Project\\CarSwift\\server\\models\\user.js","statementMap":{"0":{"start":{"line":2,"column":18},"end":{"line":2,"column":38}},"1":{"start":{"line":3,"column":25},"end":{"line":3,"column":53}},"2":{"start":{"line":5,"column":0},"end":{"line":84,"column":2}},"3":{"start":{"line":14,"column":6},"end":{"line":14,"column":60}},"4":{"start":{"line":17,"column":2},"end":{"line":79,"column":4}},"5":{"start":{"line":80,"column":2},"end":{"line":82,"column":5}},"6":{"start":{"line":81,"column":4},"end":{"line":81,"column":48}},"7":{"start":{"line":83,"column":2},"end":{"line":83,"column":14}}},"fnMap":{"0":{"name":"(anonymous_0)","decl":{"start":{"line":5,"column":17},"end":{"line":5,"column":18}},"loc":{"start":{"line":5,"column":43},"end":{"line":84,"column":1}},"line":5},"1":{"name":"(anonymous_1)","decl":{"start":{"line":12,"column":4},"end":{"line":12,"column":5}},"loc":{"start":{"line":12,"column":29},"end":{"line":15,"column":5}},"line":12},"2":{"name":"(anonymous_2)","decl":{"start":{"line":80,"column":20},"end":{"line":80,"column":21}},"loc":{"start":{"line":80,"column":30},"end":{"line":82,"column":3}},"line":80}},"branchMap":{},"s":{"0":1,"1":1,"2":1,"3":1,"4":1,"5":1,"6":0,"7":1},"f":{"0":1,"1":1,"2":0},"b":{},"_coverageSchema":"1a1c01bbd47fc00a2c39e90264f33305004495a9","hash":"a0ae1d73849bc4aa6e0a5377b42113fb217caf36"}
,"D:\\Hacktiv8\\Materi\\Phase 2 - REPEAT\\Individual Project\\CarSwift\\server\\routes\\adminRouter.js": {"path":"D:\\Hacktiv8\\Materi\\Phase 2 - REPEAT\\Individual Project\\CarSwift\\server\\routes\\adminRouter.js","statementMap":{"0":{"start":{"line":1,"column":16},"end":{"line":1,"column":34}},"1":{"start":{"line":2,"column":16},"end":{"line":2,"column":55}},"2":{"start":{"line":4,"column":23},"end":{"line":4,"column":63}},"3":{"start":{"line":6,"column":20},"end":{"line":6,"column":36}},"4":{"start":{"line":8,"column":0},"end":{"line":8,"column":58}},"5":{"start":{"line":10,"column":0},"end":{"line":10,"column":71}},"6":{"start":{"line":12,"column":0},"end":{"line":12,"column":29}}},"fnMap":{},"branchMap":{},"s":{"0":1,"1":1,"2":1,"3":1,"4":1,"5":1,"6":1},"f":{},"b":{},"_coverageSchema":"1a1c01bbd47fc00a2c39e90264f33305004495a9","hash":"ead7a5adbd24500d149e5349df29fa97ccf0a596"}
,"D:\\Hacktiv8\\Materi\\Phase 2 - REPEAT\\Individual Project\\CarSwift\\server\\routes\\carRouter.js": {"path":"D:\\Hacktiv8\\Materi\\Phase 2 - REPEAT\\Individual Project\\CarSwift\\server\\routes\\carRouter.js","statementMap":{"0":{"start":{"line":1,"column":16},"end":{"line":1,"column":34}},"1":{"start":{"line":2,"column":16},"end":{"line":2,"column":55}},"2":{"start":{"line":4,"column":22},"end":{"line":4,"column":61}},"3":{"start":{"line":6,"column":18},"end":{"line":6,"column":34}},"4":{"start":{"line":8,"column":0},"end":{"line":8,"column":45}},"5":{"start":{"line":10,"column":0},"end":{"line":10,"column":48}},"6":{"start":{"line":12,"column":0},"end":{"line":12,"column":54}},"7":{"start":{"line":14,"column":0},"end":{"line":14,"column":60}},"8":{"start":{"line":16,"column":0},"end":{"line":16,"column":59}},"9":{"start":{"line":18,"column":0},"end":{"line":18,"column":27}}},"fnMap":{},"branchMap":{},"s":{"0":1,"1":1,"2":1,"3":1,"4":1,"5":1,"6":1,"7":1,"8":1,"9":1},"f":{},"b":{},"_coverageSchema":"1a1c01bbd47fc00a2c39e90264f33305004495a9","hash":"4f17349da9717acea675b4a77a800f75706285ee"}
,"D:\\Hacktiv8\\Materi\\Phase 2 - REPEAT\\Individual Project\\CarSwift\\server\\routes\\index.js": {"path":"D:\\Hacktiv8\\Materi\\Phase 2 - REPEAT\\Individual Project\\CarSwift\\server\\routes\\index.js","statementMap":{"0":{"start":{"line":1,"column":16},"end":{"line":1,"column":34}},"1":{"start":{"line":2,"column":23},"end":{"line":2,"column":63}},"2":{"start":{"line":3,"column":15},"end":{"line":3,"column":52}},"3":{"start":{"line":5,"column":19},"end":{"line":5,"column":50}},"4":{"start":{"line":6,"column":23},"end":{"line":6,"column":63}},"5":{"start":{"line":8,"column":21},"end":{"line":8,"column":46}},"6":{"start":{"line":9,"column":20},"end":{"line":9,"column":44}},"7":{"start":{"line":10,"column":19},"end":{"line":10,"column":42}},"8":{"start":{"line":11,"column":18},"end":{"line":11,"column":40}},"9":{"start":{"line":12,"column":21},"end":{"line":12,"column":46}},"10":{"start":{"line":14,"column":15},"end":{"line":14,"column":31}},"11":{"start":{"line":16,"column":0},"end":{"line":16,"column":33}},"12":{"start":{"line":18,"column":0},"end":{"line":22,"column":2}},"13":{"start":{"line":24,"column":0},"end":{"line":24,"column":44}},"14":{"start":{"line":26,"column":0},"end":{"line":26,"column":57}},"15":{"start":{"line":28,"column":0},"end":{"line":28,"column":33}},"16":{"start":{"line":30,"column":0},"end":{"line":30,"column":27}},"17":{"start":{"line":32,"column":0},"end":{"line":32,"column":35}},"18":{"start":{"line":34,"column":0},"end":{"line":34,"column":34}},"19":{"start":{"line":36,"column":0},"end":{"line":36,"column":31}},"20":{"start":{"line":38,"column":0},"end":{"line":38,"column":37}},"21":{"start":{"line":40,"column":0},"end":{"line":40,"column":24}}},"fnMap":{},"branchMap":{},"s":{"0":1,"1":1,"2":1,"3":1,"4":1,"5":1,"6":1,"7":1,"8":1,"9":1,"10":1,"11":1,"12":1,"13":1,"14":1,"15":1,"16":1,"17":1,"18":1,"19":1,"20":1,"21":1},"f":{},"b":{},"_coverageSchema":"1a1c01bbd47fc00a2c39e90264f33305004495a9","hash":"451ea089c1717409a059c27f40d1765a55bec52d"}
,"D:\\Hacktiv8\\Materi\\Phase 2 - REPEAT\\Individual Project\\CarSwift\\server\\routes\\publicRouter.js": {"path":"D:\\Hacktiv8\\Materi\\Phase 2 - REPEAT\\Individual Project\\CarSwift\\server\\routes\\publicRouter.js","statementMap":{"0":{"start":{"line":1,"column":16},"end":{"line":1,"column":34}},"1":{"start":{"line":2,"column":25},"end":{"line":2,"column":67}},"2":{"start":{"line":4,"column":21},"end":{"line":4,"column":37}},"3":{"start":{"line":6,"column":0},"end":{"line":6,"column":55}},"4":{"start":{"line":8,"column":0},"end":{"line":8,"column":62}},"5":{"start":{"line":10,"column":0},"end":{"line":10,"column":30}}},"fnMap":{},"branchMap":{},"s":{"0":1,"1":1,"2":1,"3":1,"4":1,"5":1},"f":{},"b":{},"_coverageSchema":"1a1c01bbd47fc00a2c39e90264f33305004495a9","hash":"694bba4b573671072fcc9b60cc1c347d964f7841"}
,"D:\\Hacktiv8\\Materi\\Phase 2 - REPEAT\\Individual Project\\CarSwift\\server\\routes\\rentalRouter.js": {"path":"D:\\Hacktiv8\\Materi\\Phase 2 - REPEAT\\Individual Project\\CarSwift\\server\\routes\\rentalRouter.js","statementMap":{"0":{"start":{"line":1,"column":16},"end":{"line":1,"column":34}},"1":{"start":{"line":2,"column":25},"end":{"line":2,"column":67}},"2":{"start":{"line":3,"column":16},"end":{"line":3,"column":55}},"3":{"start":{"line":5,"column":21},"end":{"line":5,"column":37}},"4":{"start":{"line":8,"column":0},"end":{"line":8,"column":63}},"5":{"start":{"line":10,"column":0},"end":{"line":10,"column":52}},"6":{"start":{"line":13,"column":0},"end":{"line":13,"column":62}},"7":{"start":{"line":16,"column":0},"end":{"line":16,"column":65}},"8":{"start":{"line":18,"column":0},"end":{"line":18,"column":30}}},"fnMap":{},"branchMap":{},"s":{"0":1,"1":1,"2":1,"3":1,"4":1,"5":1,"6":1,"7":1,"8":1},"f":{},"b":{},"_coverageSchema":"1a1c01bbd47fc00a2c39e90264f33305004495a9","hash":"8327dc18b656bf14d9f4b394070f79d1edacdd0a"}
,"D:\\Hacktiv8\\Materi\\Phase 2 - REPEAT\\Individual Project\\CarSwift\\server\\routes\\userRouter.js": {"path":"D:\\Hacktiv8\\Materi\\Phase 2 - REPEAT\\Individual Project\\CarSwift\\server\\routes\\userRouter.js","statementMap":{"0":{"start":{"line":1,"column":16},"end":{"line":1,"column":34}},"1":{"start":{"line":3,"column":23},"end":{"line":3,"column":63}},"2":{"start":{"line":4,"column":26},"end":{"line":4,"column":69}},"3":{"start":{"line":5,"column":15},"end":{"line":5,"column":52}},"4":{"start":{"line":7,"column":19},"end":{"line":7,"column":35}},"5":{"start":{"line":9,"column":0},"end":{"line":9,"column":50}},"6":{"start":{"line":11,"column":0},"end":{"line":11,"column":56}},"7":{"start":{"line":13,"column":0},"end":{"line":17,"column":2}},"8":{"start":{"line":19,"column":0},"end":{"line":19,"column":78}},"9":{"start":{"line":21,"column":0},"end":{"line":21,"column":28}}},"fnMap":{},"branchMap":{},"s":{"0":1,"1":1,"2":1,"3":1,"4":1,"5":1,"6":1,"7":1,"8":1,"9":1},"f":{},"b":{},"_coverageSchema":"1a1c01bbd47fc00a2c39e90264f33305004495a9","hash":"3ef2ae24b868ce21f10992f05c353cf9a5196ead"}
}
