TN:
SF:app.js
FNF:0
FNH:0
DA:3,1
DA:5,1
DA:7,1
DA:8,1
DA:9,1
DA:10,1
DA:12,1
DA:13,1
DA:14,1
DA:16,1
DA:18,1
DA:20,1
LF:12
LH:12
BRF:0
BRH:0
end_of_record
TN:
SF:controllers\carController.js
FN:5,(anonymous_0)
FN:37,(anonymous_1)
FN:56,(anonymous_2)
FN:66,(anonymous_3)
FN:109,(anonymous_4)
FNF:5
FNH:2
FNDA:3,(anonymous_0)
FNDA:3,(anonymous_1)
FNDA:0,(anonymous_2)
FNDA:0,(anonymous_3)
FNDA:0,(anonymous_4)
DA:1,1
DA:2,1
DA:6,3
DA:7,3
DA:8,3
DA:10,3
DA:12,3
DA:14,3
DA:16,3
DA:17,0
DA:18,0
DA:19,0
DA:22,3
DA:23,3
DA:24,3
DA:26,3
DA:31,3
DA:33,0
DA:38,3
DA:39,3
DA:40,3
DA:42,3
DA:44,3
DA:46,3
DA:47,2
DA:50,1
DA:52,2
DA:57,0
DA:58,0
DA:60,0
DA:62,0
DA:67,0
DA:68,0
DA:70,0
DA:71,0
DA:74,0
DA:75,0
DA:78,0
DA:79,0
DA:82,0
DA:83,0
DA:86,0
DA:87,0
DA:90,0
DA:91,0
DA:94,0
DA:96,0
DA:97,0
DA:98,0
DA:101,0
DA:103,0
DA:105,0
DA:110,0
DA:111,0
DA:113,0
DA:114,0
DA:115,0
DA:118,0
DA:120,0
DA:122,0
DA:127,1
LF:61
LH:24
BRDA:10,0,0,0
BRDA:10,0,1,3
BRDA:12,1,0,0
BRDA:12,1,1,3
BRDA:14,2,0,1
BRDA:14,2,1,2
BRDA:16,3,0,0
BRDA:16,3,1,3
BRDA:16,4,0,3
BRDA:16,4,1,3
BRDA:18,5,0,0
BRDA:18,5,1,0
BRDA:19,6,0,0
BRDA:19,6,1,0
BRDA:23,7,0,0
BRDA:23,7,1,3
BRDA:24,8,0,0
BRDA:24,8,1,3
BRDA:42,9,0,0
BRDA:42,9,1,3
BRDA:46,10,0,2
BRDA:46,10,1,1
BRDA:70,11,0,0
BRDA:70,11,1,0
BRDA:74,12,0,0
BRDA:74,12,1,0
BRDA:78,13,0,0
BRDA:78,13,1,0
BRDA:82,14,0,0
BRDA:82,14,1,0
BRDA:86,15,0,0
BRDA:86,15,1,0
BRDA:90,16,0,0
BRDA:90,16,1,0
BRDA:97,17,0,0
BRDA:97,17,1,0
BRDA:114,18,0,0
BRDA:114,18,1,0
BRF:38
BRH:12
end_of_record
TN:
SF:controllers\index.js
FN:2,(anonymous_0)
FNF:1
FNH:1
FNDA:1,(anonymous_0)
DA:3,1
DA:7,1
LF:2
LH:2
BRF:0
BRH:0
end_of_record
TN:
SF:controllers\publicController.js
FN:5,(anonymous_0)
FN:77,(anonymous_1)
FNF:2
FNH:2
FNDA:3,(anonymous_0)
FNDA:2,(anonymous_1)
DA:1,1
DA:2,1
DA:16,3
DA:17,3
DA:19,3
DA:21,3
DA:22,0
DA:27,3
DA:28,0
DA:31,3
DA:32,1
DA:35,3
DA:36,0
DA:37,0
DA:38,0
DA:40,0
DA:41,0
DA:46,3
DA:47,3
DA:48,0
DA:49,0
DA:50,0
DA:55,3
DA:56,3
DA:57,3
DA:59,3
DA:66,3
DA:73,0
DA:78,2
DA:79,2
DA:81,2
DA:83,2
DA:84,1
DA:87,1
DA:89,1
DA:94,1
LF:36
LH:25
BRDA:21,0,0,0
BRDA:21,0,1,3
BRDA:27,1,0,0
BRDA:27,1,1,3
BRDA:31,2,0,1
BRDA:31,2,1,2
BRDA:35,3,0,0
BRDA:35,3,1,3
BRDA:35,4,0,3
BRDA:35,4,1,3
BRDA:37,5,0,0
BRDA:37,5,1,0
BRDA:40,6,0,0
BRDA:40,6,1,0
BRDA:47,7,0,0
BRDA:47,7,1,3
BRDA:49,8,0,0
BRDA:49,8,1,0
BRDA:50,9,0,0
BRDA:50,9,1,0
BRDA:55,10,0,3
BRDA:55,10,1,2
BRDA:56,11,0,3
BRDA:56,11,1,2
BRDA:83,12,0,1
BRDA:83,12,1,1
BRF:26
BRH:14
end_of_record
TN:
SF:controllers\rentalController.js
FN:5,(anonymous_0)
FN:69,(anonymous_1)
FN:87,(anonymous_2)
FN:108,(anonymous_3)
FNF:4
FNH:1
FNDA:0,(anonymous_0)
FNDA:1,(anonymous_1)
FNDA:0,(anonymous_2)
FNDA:0,(anonymous_3)
DA:1,1
DA:2,1
DA:6,0
DA:7,0
DA:8,0
DA:9,0
DA:11,0
DA:13,0
DA:14,0
DA:17,0
DA:18,0
DA:21,0
DA:22,0
DA:25,0
DA:26,0
DA:32,0
DA:33,0
DA:34,0
DA:36,0
DA:37,0
DA:40,0
DA:47,0
DA:48,0
DA:51,0
DA:59,0
DA:61,0
DA:65,0
DA:70,1
DA:71,1
DA:76,1
DA:77,0
DA:80,1
DA:82,0
DA:88,0
DA:89,0
DA:102,0
DA:104,0
DA:109,0
DA:110,0
DA:112,0
DA:114,0
DA:115,0
DA:117,0
DA:118,0
DA:124,0
DA:126,0
DA:128,0
DA:129,0
DA:133,0
DA:138,1
LF:50
LH:7
BRDA:13,0,0,0
BRDA:13,0,1,0
BRDA:17,1,0,0
BRDA:17,1,1,0
BRDA:21,2,0,0
BRDA:21,2,1,0
BRDA:25,3,0,0
BRDA:25,3,1,0
BRDA:33,4,0,0
BRDA:33,4,1,0
BRDA:36,5,0,0
BRDA:36,5,1,0
BRDA:47,6,0,0
BRDA:47,6,1,0
BRDA:76,7,0,0
BRDA:76,7,1,1
BRDA:114,8,0,0
BRDA:114,8,1,0
BRDA:117,9,0,0
BRDA:117,9,1,0
BRDA:117,10,0,0
BRDA:117,10,1,0
BRF:22
BRH:1
end_of_record
TN:
SF:controllers\userController.js
FN:14,(anonymous_0)
FN:71,(anonymous_1)
FN:96,(anonymous_2)
FN:127,(anonymous_3)
FN:142,(anonymous_4)
FN:167,(anonymous_5)
FN:206,(anonymous_6)
FN:225,(anonymous_7)
FN:238,(anonymous_8)
FNF:9
FNH:4
FNDA:9,(anonymous_0)
FNDA:6,(anonymous_1)
FNDA:0,(anonymous_2)
FNDA:0,(anonymous_3)
FNDA:0,(anonymous_4)
FNDA:0,(anonymous_5)
FNDA:1,(anonymous_6)
FNDA:1,(anonymous_7)
FNDA:0,(anonymous_8)
DA:1,1
DA:2,1
DA:3,1
DA:4,1
DA:5,1
DA:6,1
DA:7,1
DA:8,1
DA:10,1
DA:11,1
DA:15,9
DA:16,9
DA:17,9
DA:19,9
DA:20,9
DA:22,2
DA:24,2
DA:31,2
DA:32,2
DA:34,2
DA:35,0
DA:39,2
DA:40,0
DA:41,0
DA:43,0
DA:51,0
DA:52,0
DA:55,2
DA:62,1
DA:67,8
DA:72,6
DA:73,6
DA:74,6
DA:75,3
DA:78,3
DA:79,3
DA:80,1
DA:83,2
DA:84,2
DA:85,1
DA:88,1
DA:90,1
DA:92,5
DA:97,0
DA:98,0
DA:100,0
DA:102,0
DA:107,0
DA:109,0
DA:119,0
DA:121,0
DA:123,0
DA:128,0
DA:129,0
DA:131,0
DA:132,0
DA:133,0
DA:136,0
DA:138,0
DA:143,0
DA:144,0
DA:145,0
DA:147,0
DA:148,0
DA:149,0
DA:152,0
DA:153,0
DA:154,0
DA:155,0
DA:156,0
DA:159,0
DA:161,0
DA:163,0
DA:168,0
DA:169,0
DA:170,0
DA:172,0
DA:173,0
DA:176,0
DA:177,0
DA:178,0
DA:181,0
DA:182,0
DA:184,0
DA:190,0
DA:195,0
DA:197,0
DA:202,0
DA:207,1
DA:208,1
DA:210,1
DA:211,1
DA:212,0
DA:215,1
DA:217,1
DA:221,0
DA:226,1
DA:227,1
DA:232,1
DA:234,0
DA:239,0
DA:240,0
DA:241,0
DA:243,0
DA:244,0
DA:245,0
DA:248,0
DA:250,0
DA:251,0
DA:254,0
DA:258,0
DA:263,1
LF:112
LH:47
BRDA:34,0,0,0
BRDA:34,0,1,2
BRDA:39,1,0,0
BRDA:39,1,1,2
BRDA:74,2,0,3
BRDA:74,2,1,3
BRDA:74,3,0,6
BRDA:74,3,1,4
BRDA:79,4,0,1
BRDA:79,4,1,2
BRDA:84,5,0,1
BRDA:84,5,1,1
BRDA:132,6,0,0
BRDA:132,6,1,0
BRDA:148,7,0,0
BRDA:148,7,1,0
BRDA:153,8,0,0
BRDA:153,8,1,0
BRDA:154,9,0,0
BRDA:154,9,1,0
BRDA:155,10,0,0
BRDA:155,10,1,0
BRDA:172,11,0,0
BRDA:172,11,1,0
BRDA:177,12,0,0
BRDA:177,12,1,0
BRDA:211,13,0,0
BRDA:211,13,1,1
BRDA:244,14,0,0
BRDA:244,14,1,0
BRDA:250,15,0,0
BRDA:250,15,1,0
BRF:32
BRH:11
end_of_record
TN:
SF:helpers\bcrypt.js
FN:4,(anonymous_0)
FN:7,(anonymous_1)
FNF:2
FNH:2
FNDA:4,(anonymous_0)
FNDA:2,(anonymous_1)
DA:1,1
DA:3,1
DA:5,4
DA:8,2
LF:4
LH:4
BRF:0
BRH:0
end_of_record
TN:
SF:helpers\dateFormatter.js
FN:1,formatDateTime
FNF:1
FNH:1
FNDA:3,formatDateTime
DA:2,3
DA:12,1
LF:2
LH:2
BRF:0
BRH:0
end_of_record
TN:
SF:helpers\jwt.js
FN:6,(anonymous_0)
FN:8,(anonymous_1)
FNF:2
FNH:2
FNDA:3,(anonymous_0)
FNDA:63,(anonymous_1)
DA:1,1
DA:3,1
DA:5,1
DA:6,3
DA:9,63
DA:10,63
DA:12,12
LF:7
LH:7
BRF:0
BRH:0
end_of_record
TN:
SF:middlewares\authentication.js
FN:4,authentication
FNF:1
FNH:1
FNDA:74,authentication
DA:1,1
DA:2,1
DA:5,74
DA:6,74
DA:7,74
DA:8,11
DA:11,63
DA:12,63
DA:13,0
DA:16,63
DA:18,51
DA:19,51
DA:20,24
DA:23,27
DA:25,27
DA:27,47
DA:31,1
LF:17
LH:16
BRDA:7,0,0,11
BRDA:7,0,1,63
BRDA:12,1,0,0
BRDA:12,1,1,63
BRDA:19,2,0,24
BRDA:19,2,1,27
BRF:6
BRH:5
end_of_record
TN:
SF:middlewares\authorization.js
FN:1,isAdmin
FNF:1
FNH:1
FNDA:7,isAdmin
DA:2,7
DA:3,6
DA:5,1
DA:8,1
LF:4
LH:4
BRDA:2,0,0,6
BRDA:2,0,1,1
BRF:2
BRH:2
end_of_record
TN:
SF:middlewares\checkActiveRental.js
FN:3,(anonymous_0)
FNF:1
FNH:1
FNDA:1,(anonymous_0)
DA:1,1
DA:3,1
DA:4,1
DA:5,1
DA:7,1
DA:14,1
DA:15,0
DA:21,1
DA:23,0
DA:27,1
LF:10
LH:8
BRDA:14,0,0,0
BRDA:14,0,1,1
BRF:2
BRH:1
end_of_record
TN:
SF:middlewares\errorHandler.js
FN:1,errorHandler
FNF:1
FNH:1
FNDA:69,errorHandler
DA:2,69
DA:4,69
DA:5,69
DA:7,69
DA:8,0
DA:9,0
DA:12,69
DA:16,8
DA:17,8
DA:20,69
DA:21,0
DA:22,0
DA:25,69
DA:30,47
DA:31,47
DA:34,69
DA:35,6
DA:36,6
DA:39,69
DA:40,2
DA:41,2
DA:44,69
DA:45,2
DA:46,2
DA:49,69
DA:52,1
LF:26
LH:22
BRDA:4,0,0,69
BRDA:4,0,1,63
BRDA:5,1,0,69
BRDA:5,1,1,0
BRDA:7,2,0,0
BRDA:7,2,1,69
BRDA:9,3,0,0
BRDA:9,3,1,0
BRDA:12,4,0,8
BRDA:12,4,1,61
BRDA:13,5,0,69
BRDA:13,5,1,62
BRDA:20,6,0,0
BRDA:20,6,1,69
BRDA:22,7,0,0
BRDA:22,7,1,0
BRDA:25,8,0,47
BRDA:25,8,1,22
BRDA:26,9,0,69
BRDA:26,9,1,57
BRDA:26,9,2,57
BRDA:31,10,0,47
BRDA:31,10,1,0
BRDA:34,11,0,6
BRDA:34,11,1,63
BRDA:36,12,0,6
BRDA:36,12,1,0
BRDA:39,13,0,2
BRDA:39,13,1,67
BRDA:41,14,0,2
BRDA:41,14,1,0
BRDA:44,15,0,2
BRDA:44,15,1,67
BRDA:46,16,0,2
BRDA:46,16,1,0
BRF:35
BRH:24
end_of_record
TN:
SF:middlewares\uploadPhoto.js
FNF:0
FNH:0
DA:1,1
DA:3,1
DA:4,1
DA:6,1
LF:4
LH:4
BRF:0
BRH:0
end_of_record
TN:
SF:models\car.js
FN:4,(anonymous_0)
FN:11,(anonymous_1)
FN:97,(anonymous_2)
FNF:3
FNH:2
FNDA:1,(anonymous_0)
FNDA:1,(anonymous_1)
FNDA:0,(anonymous_2)
DA:2,1
DA:4,1
DA:13,1
DA:16,1
DA:97,1
DA:98,0
DA:100,1
LF:7
LH:6
BRF:0
BRH:0
end_of_record
TN:
SF:models\index.js
FN:21,(anonymous_0)
FN:29,(anonymous_1)
FN:34,(anonymous_2)
FNF:3
FNH:3
FNDA:4,(anonymous_0)
FNDA:3,(anonymous_1)
FNDA:3,(anonymous_2)
DA:3,1
DA:4,1
DA:5,1
DA:6,1
DA:7,1
DA:8,1
DA:9,1
DA:10,1
DA:13,1
DA:14,0
DA:16,1
DA:19,1
DA:22,4
DA:30,3
DA:31,3
DA:34,1
DA:35,3
DA:36,3
DA:40,1
DA:41,1
DA:43,1
LF:21
LH:20
BRDA:8,0,0,1
BRDA:8,0,1,0
BRDA:13,1,0,0
BRDA:13,1,1,1
BRDA:23,2,0,4
BRDA:23,2,1,4
BRDA:23,2,2,3
BRDA:23,2,3,3
BRDA:35,3,0,3
BRDA:35,3,1,0
BRF:10
BRH:7
end_of_record
TN:
SF:models\rental.js
FN:4,(anonymous_0)
FN:11,(anonymous_1)
FNF:2
FNH:2
FNDA:1,(anonymous_0)
FNDA:1,(anonymous_1)
DA:2,1
DA:4,1
DA:13,1
DA:14,1
DA:17,1
DA:85,1
LF:6
LH:6
BRF:0
BRH:0
end_of_record
TN:
SF:models\user.js
FN:5,(anonymous_0)
FN:12,(anonymous_1)
FN:80,(anonymous_2)
FNF:3
FNH:3
FNDA:1,(anonymous_0)
FNDA:1,(anonymous_1)
FNDA:2,(anonymous_2)
DA:2,1
DA:3,1
DA:5,1
DA:14,1
DA:17,1
DA:80,1
DA:81,2
DA:83,1
LF:8
LH:8
BRF:0
BRH:0
end_of_record
TN:
SF:routes\adminRouter.js
FNF:0
FNH:0
DA:1,1
DA:2,1
DA:4,1
DA:6,1
DA:8,1
DA:10,1
DA:12,1
LF:7
LH:7
BRF:0
BRH:0
end_of_record
TN:
SF:routes\carRouter.js
FNF:0
FNH:0
DA:1,1
DA:2,1
DA:4,1
DA:6,1
DA:8,1
DA:10,1
DA:12,1
DA:14,1
DA:16,1
DA:18,1
LF:10
LH:10
BRF:0
BRH:0
end_of_record
TN:
SF:routes\index.js
FNF:0
FNH:0
DA:1,1
DA:2,1
DA:3,1
DA:5,1
DA:6,1
DA:8,1
DA:9,1
DA:10,1
DA:11,1
DA:12,1
DA:14,1
DA:16,1
DA:18,1
DA:24,1
DA:26,1
DA:28,1
DA:30,1
DA:32,1
DA:34,1
DA:36,1
DA:38,1
DA:40,1
LF:22
LH:22
BRF:0
BRH:0
end_of_record
TN:
SF:routes\publicRouter.js
FNF:0
FNH:0
DA:1,1
DA:2,1
DA:4,1
DA:6,1
DA:8,1
DA:10,1
LF:6
LH:6
BRF:0
BRH:0
end_of_record
TN:
SF:routes\rentalRouter.js
FNF:0
FNH:0
DA:1,1
DA:2,1
DA:3,1
DA:5,1
DA:8,1
DA:10,1
DA:13,1
DA:16,1
DA:18,1
LF:9
LH:9
BRF:0
BRH:0
end_of_record
TN:
SF:routes\userRouter.js
FNF:0
FNH:0
DA:1,1
DA:3,1
DA:4,1
DA:5,1
DA:7,1
DA:9,1
DA:11,1
DA:13,1
DA:19,1
DA:21,1
LF:10
LH:10
BRF:0
BRH:0
end_of_record
