{"D:\\Hacktiv8\\Materi\\Phase 2\\Individual Project\\CarSwift\\app.js": {"path":"D:\\Hacktiv8\\Materi\\Phase 2\\Individual Project\\CarSwift\\app.js","statementMap":{"0":{"start":{"line":1,"column":16},"end":{"line":1,"column":34}},"1":{"start":{"line":3,"column":12},"end":{"line":3,"column":21}},"2":{"start":{"line":4,"column":13},"end":{"line":4,"column":17}},"3":{"start":{"line":5,"column":15},"end":{"line":5,"column":34}},"4":{"start":{"line":6,"column":21},"end":{"line":6,"column":58}},"5":{"start":{"line":8,"column":0},"end":{"line":8,"column":48}},"6":{"start":{"line":9,"column":0},"end":{"line":9,"column":24}},"7":{"start":{"line":11,"column":0},"end":{"line":11,"column":16}},"8":{"start":{"line":13,"column":0},"end":{"line":13,"column":22}},"9":{"start":{"line":19,"column":0},"end":{"line":19,"column":21}}},"fnMap":{},"branchMap":{},"s":{"0":1,"1":1,"2":1,"3":1,"4":1,"5":1,"6":1,"7":1,"8":1,"9":1},"f":{},"b":{},"_coverageSchema":"1a1c01bbd47fc00a2c39e90264f33305004495a9","hash":"e490f62e5d068fe52860f317e0f7a8c998105cd4"}
,"D:\\Hacktiv8\\Materi\\Phase 2\\Individual Project\\CarSwift\\controllers\\carController.js": {"path":"D:\\Hacktiv8\\Materi\\Phase 2\\Individual Project\\CarSwift\\controllers\\carController.js","statementMap":{"0":{"start":{"line":1,"column":15},"end":{"line":1,"column":35}},"1":{"start":{"line":2,"column":16},"end":{"line":2,"column":36}},"2":{"start":{"line":6,"column":4},"end":{"line":34,"column":5}},"3":{"start":{"line":7,"column":23},"end":{"line":7,"column":31}},"4":{"start":{"line":8,"column":56},"end":{"line":8,"column":65}},"5":{"start":{"line":10,"column":24},"end":{"line":10,"column":71}},"6":{"start":{"line":12,"column":6},"end":{"line":12,"column":40}},"7":{"start":{"line":12,"column":16},"end":{"line":12,"column":40}},"8":{"start":{"line":14,"column":6},"end":{"line":14,"column":43}},"9":{"start":{"line":14,"column":17},"end":{"line":14,"column":43}},"10":{"start":{"line":16,"column":6},"end":{"line":20,"column":7}},"11":{"start":{"line":17,"column":8},"end":{"line":17,"column":39}},"12":{"start":{"line":18,"column":8},"end":{"line":18,"column":67}},"13":{"start":{"line":18,"column":22},"end":{"line":18,"column":67}},"14":{"start":{"line":19,"column":8},"end":{"line":19,"column":67}},"15":{"start":{"line":19,"column":22},"end":{"line":19,"column":67}},"16":{"start":{"line":22,"column":24},"end":{"line":22,"column":26}},"17":{"start":{"line":23,"column":6},"end":{"line":23,"column":69}},"18":{"start":{"line":23,"column":26},"end":{"line":23,"column":69}},"19":{"start":{"line":24,"column":6},"end":{"line":24,"column":71}},"20":{"start":{"line":24,"column":27},"end":{"line":24,"column":71}},"21":{"start":{"line":26,"column":19},"end":{"line":29,"column":8}},"22":{"start":{"line":31,"column":6},"end":{"line":31,"column":33}},"23":{"start":{"line":33,"column":6},"end":{"line":33,"column":18}},"24":{"start":{"line":38,"column":4},"end":{"line":53,"column":5}},"25":{"start":{"line":39,"column":21},"end":{"line":39,"column":31}},"26":{"start":{"line":40,"column":23},"end":{"line":40,"column":31}},"27":{"start":{"line":42,"column":24},"end":{"line":42,"column":79}},"28":{"start":{"line":44,"column":18},"end":{"line":44,"column":59}},"29":{"start":{"line":46,"column":6},"end":{"line":48,"column":7}},"30":{"start":{"line":47,"column":8},"end":{"line":47,"column":61}},"31":{"start":{"line":50,"column":6},"end":{"line":50,"column":20}},"32":{"start":{"line":52,"column":6},"end":{"line":52,"column":18}},"33":{"start":{"line":57,"column":4},"end":{"line":63,"column":5}},"34":{"start":{"line":58,"column":18},"end":{"line":58,"column":44}},"35":{"start":{"line":60,"column":6},"end":{"line":60,"column":32}},"36":{"start":{"line":62,"column":6},"end":{"line":62,"column":18}},"37":{"start":{"line":67,"column":4},"end":{"line":106,"column":5}},"38":{"start":{"line":68,"column":64},"end":{"line":68,"column":72}},"39":{"start":{"line":70,"column":6},"end":{"line":72,"column":7}},"40":{"start":{"line":71,"column":8},"end":{"line":71,"column":70}},"41":{"start":{"line":74,"column":6},"end":{"line":76,"column":7}},"42":{"start":{"line":75,"column":8},"end":{"line":75,"column":71}},"43":{"start":{"line":78,"column":6},"end":{"line":80,"column":7}},"44":{"start":{"line":79,"column":8},"end":{"line":79,"column":70}},"45":{"start":{"line":82,"column":6},"end":{"line":84,"column":7}},"46":{"start":{"line":83,"column":8},"end":{"line":83,"column":70}},"47":{"start":{"line":86,"column":6},"end":{"line":88,"column":7}},"48":{"start":{"line":87,"column":8},"end":{"line":87,"column":71}},"49":{"start":{"line":90,"column":6},"end":{"line":92,"column":7}},"50":{"start":{"line":91,"column":8},"end":{"line":91,"column":79}},"51":{"start":{"line":94,"column":21},"end":{"line":94,"column":31}},"52":{"start":{"line":96,"column":18},"end":{"line":96,"column":40}},"53":{"start":{"line":97,"column":6},"end":{"line":99,"column":7}},"54":{"start":{"line":98,"column":8},"end":{"line":98,"column":56}},"55":{"start":{"line":101,"column":6},"end":{"line":101,"column":52}},"56":{"start":{"line":103,"column":6},"end":{"line":103,"column":74}},"57":{"start":{"line":105,"column":6},"end":{"line":105,"column":18}},"58":{"start":{"line":110,"column":4},"end":{"line":123,"column":5}},"59":{"start":{"line":111,"column":21},"end":{"line":111,"column":31}},"60":{"start":{"line":113,"column":18},"end":{"line":113,"column":40}},"61":{"start":{"line":114,"column":6},"end":{"line":116,"column":7}},"62":{"start":{"line":115,"column":8},"end":{"line":115,"column":56}},"63":{"start":{"line":118,"column":6},"end":{"line":118,"column":43}},"64":{"start":{"line":120,"column":6},"end":{"line":120,"column":64}},"65":{"start":{"line":122,"column":6},"end":{"line":122,"column":18}},"66":{"start":{"line":127,"column":0},"end":{"line":127,"column":31}}},"fnMap":{"0":{"name":"(anonymous_0)","decl":{"start":{"line":5,"column":2},"end":{"line":5,"column":3}},"loc":{"start":{"line":5,"column":42},"end":{"line":35,"column":3}},"line":5},"1":{"name":"(anonymous_1)","decl":{"start":{"line":37,"column":2},"end":{"line":37,"column":3}},"loc":{"start":{"line":37,"column":42},"end":{"line":54,"column":3}},"line":37},"2":{"name":"(anonymous_2)","decl":{"start":{"line":56,"column":2},"end":{"line":56,"column":3}},"loc":{"start":{"line":56,"column":41},"end":{"line":64,"column":3}},"line":56},"3":{"name":"(anonymous_3)","decl":{"start":{"line":66,"column":2},"end":{"line":66,"column":3}},"loc":{"start":{"line":66,"column":45},"end":{"line":107,"column":3}},"line":66},"4":{"name":"(anonymous_4)","decl":{"start":{"line":109,"column":2},"end":{"line":109,"column":3}},"loc":{"start":{"line":109,"column":41},"end":{"line":124,"column":3}},"line":109}},"branchMap":{"0":{"loc":{"start":{"line":10,"column":24},"end":{"line":10,"column":71}},"type":"cond-expr","locations":[{"start":{"line":10,"column":43},"end":{"line":10,"column":45}},{"start":{"line":10,"column":48},"end":{"line":10,"column":71}}],"line":10},"1":{"loc":{"start":{"line":12,"column":6},"end":{"line":12,"column":40}},"type":"if","locations":[{"start":{"line":12,"column":6},"end":{"line":12,"column":40}},{"start":{},"end":{}}],"line":12},"2":{"loc":{"start":{"line":14,"column":6},"end":{"line":14,"column":43}},"type":"if","locations":[{"start":{"line":14,"column":6},"end":{"line":14,"column":43}},{"start":{},"end":{}}],"line":14},"3":{"loc":{"start":{"line":16,"column":6},"end":{"line":20,"column":7}},"type":"if","locations":[{"start":{"line":16,"column":6},"end":{"line":20,"column":7}},{"start":{},"end":{}}],"line":16},"4":{"loc":{"start":{"line":16,"column":10},"end":{"line":16,"column":30}},"type":"binary-expr","locations":[{"start":{"line":16,"column":10},"end":{"line":16,"column":18}},{"start":{"line":16,"column":22},"end":{"line":16,"column":30}}],"line":16},"5":{"loc":{"start":{"line":18,"column":8},"end":{"line":18,"column":67}},"type":"if","locations":[{"start":{"line":18,"column":8},"end":{"line":18,"column":67}},{"start":{},"end":{}}],"line":18},"6":{"loc":{"start":{"line":19,"column":8},"end":{"line":19,"column":67}},"type":"if","locations":[{"start":{"line":19,"column":8},"end":{"line":19,"column":67}},{"start":{},"end":{}}],"line":19},"7":{"loc":{"start":{"line":23,"column":6},"end":{"line":23,"column":69}},"type":"if","locations":[{"start":{"line":23,"column":6},"end":{"line":23,"column":69}},{"start":{},"end":{}}],"line":23},"8":{"loc":{"start":{"line":24,"column":6},"end":{"line":24,"column":71}},"type":"if","locations":[{"start":{"line":24,"column":6},"end":{"line":24,"column":71}},{"start":{},"end":{}}],"line":24},"9":{"loc":{"start":{"line":42,"column":24},"end":{"line":42,"column":79}},"type":"cond-expr","locations":[{"start":{"line":42,"column":43},"end":{"line":42,"column":49}},{"start":{"line":42,"column":52},"end":{"line":42,"column":79}}],"line":42},"10":{"loc":{"start":{"line":46,"column":6},"end":{"line":48,"column":7}},"type":"if","locations":[{"start":{"line":46,"column":6},"end":{"line":48,"column":7}},{"start":{},"end":{}}],"line":46},"11":{"loc":{"start":{"line":70,"column":6},"end":{"line":72,"column":7}},"type":"if","locations":[{"start":{"line":70,"column":6},"end":{"line":72,"column":7}},{"start":{},"end":{}}],"line":70},"12":{"loc":{"start":{"line":74,"column":6},"end":{"line":76,"column":7}},"type":"if","locations":[{"start":{"line":74,"column":6},"end":{"line":76,"column":7}},{"start":{},"end":{}}],"line":74},"13":{"loc":{"start":{"line":78,"column":6},"end":{"line":80,"column":7}},"type":"if","locations":[{"start":{"line":78,"column":6},"end":{"line":80,"column":7}},{"start":{},"end":{}}],"line":78},"14":{"loc":{"start":{"line":82,"column":6},"end":{"line":84,"column":7}},"type":"if","locations":[{"start":{"line":82,"column":6},"end":{"line":84,"column":7}},{"start":{},"end":{}}],"line":82},"15":{"loc":{"start":{"line":86,"column":6},"end":{"line":88,"column":7}},"type":"if","locations":[{"start":{"line":86,"column":6},"end":{"line":88,"column":7}},{"start":{},"end":{}}],"line":86},"16":{"loc":{"start":{"line":90,"column":6},"end":{"line":92,"column":7}},"type":"if","locations":[{"start":{"line":90,"column":6},"end":{"line":92,"column":7}},{"start":{},"end":{}}],"line":90},"17":{"loc":{"start":{"line":97,"column":6},"end":{"line":99,"column":7}},"type":"if","locations":[{"start":{"line":97,"column":6},"end":{"line":99,"column":7}},{"start":{},"end":{}}],"line":97},"18":{"loc":{"start":{"line":114,"column":6},"end":{"line":116,"column":7}},"type":"if","locations":[{"start":{"line":114,"column":6},"end":{"line":116,"column":7}},{"start":{},"end":{}}],"line":114}},"s":{"0":1,"1":1,"2":3,"3":3,"4":3,"5":3,"6":3,"7":0,"8":3,"9":1,"10":3,"11":0,"12":0,"13":0,"14":0,"15":0,"16":3,"17":3,"18":0,"19":3,"20":0,"21":3,"22":3,"23":0,"24":3,"25":3,"26":3,"27":3,"28":3,"29":3,"30":2,"31":1,"32":2,"33":7,"34":7,"35":1,"36":6,"37":9,"38":9,"39":9,"40":1,"41":8,"42":1,"43":7,"44":1,"45":6,"46":1,"47":5,"48":1,"49":4,"50":1,"51":3,"52":3,"53":3,"54":2,"55":1,"56":1,"57":8,"58":2,"59":2,"60":2,"61":2,"62":1,"63":1,"64":1,"65":1,"66":1},"f":{"0":3,"1":3,"2":7,"3":9,"4":2},"b":{"0":[0,3],"1":[0,3],"2":[1,2],"3":[0,3],"4":[3,3],"5":[0,0],"6":[0,0],"7":[0,3],"8":[0,3],"9":[0,3],"10":[2,1],"11":[1,8],"12":[1,7],"13":[1,6],"14":[1,5],"15":[1,4],"16":[1,3],"17":[2,1],"18":[1,1]},"_coverageSchema":"1a1c01bbd47fc00a2c39e90264f33305004495a9","hash":"bbf7e7b5e958d2afd75b8bc0050074603f347538"}
,"D:\\Hacktiv8\\Materi\\Phase 2\\Individual Project\\CarSwift\\controllers\\index.js": {"path":"D:\\Hacktiv8\\Materi\\Phase 2\\Individual Project\\CarSwift\\controllers\\index.js","statementMap":{"0":{"start":{"line":3,"column":4},"end":{"line":3,"column":53}},"1":{"start":{"line":7,"column":0},"end":{"line":7,"column":28}}},"fnMap":{"0":{"name":"(anonymous_0)","decl":{"start":{"line":2,"column":2},"end":{"line":2,"column":3}},"loc":{"start":{"line":2,"column":30},"end":{"line":4,"column":3}},"line":2}},"branchMap":{},"s":{"0":1,"1":1},"f":{"0":1},"b":{},"_coverageSchema":"1a1c01bbd47fc00a2c39e90264f33305004495a9","hash":"fc13b44289334a8740def06a82fceb6df510f12b"}
,"D:\\Hacktiv8\\Materi\\Phase 2\\Individual Project\\CarSwift\\controllers\\publicController.js": {"path":"D:\\Hacktiv8\\Materi\\Phase 2\\Individual Project\\CarSwift\\controllers\\publicController.js","statementMap":{"0":{"start":{"line":1,"column":15},"end":{"line":1,"column":35}},"1":{"start":{"line":2,"column":16},"end":{"line":2,"column":36}},"2":{"start":{"line":7,"column":6},"end":{"line":7,"column":15}},"3":{"start":{"line":8,"column":4},"end":{"line":60,"column":5}},"4":{"start":{"line":10,"column":24},"end":{"line":10,"column":47}},"5":{"start":{"line":12,"column":6},"end":{"line":14,"column":7}},"6":{"start":{"line":13,"column":8},"end":{"line":13,"column":32}},"7":{"start":{"line":16,"column":6},"end":{"line":18,"column":7}},"8":{"start":{"line":17,"column":8},"end":{"line":17,"column":34}},"9":{"start":{"line":20,"column":6},"end":{"line":28,"column":7}},"10":{"start":{"line":21,"column":8},"end":{"line":21,"column":39}},"11":{"start":{"line":22,"column":8},"end":{"line":24,"column":9}},"12":{"start":{"line":23,"column":10},"end":{"line":23,"column":55}},"13":{"start":{"line":25,"column":8},"end":{"line":27,"column":9}},"14":{"start":{"line":26,"column":10},"end":{"line":26,"column":55}},"15":{"start":{"line":31,"column":18},"end":{"line":31,"column":20}},"16":{"start":{"line":32,"column":6},"end":{"line":37,"column":7}},"17":{"start":{"line":33,"column":29},"end":{"line":33,"column":71}},"18":{"start":{"line":34,"column":8},"end":{"line":36,"column":9}},"19":{"start":{"line":35,"column":10},"end":{"line":35,"column":68}},"20":{"start":{"line":40,"column":25},"end":{"line":40,"column":44}},"21":{"start":{"line":41,"column":23},"end":{"line":41,"column":44}},"22":{"start":{"line":42,"column":21},"end":{"line":42,"column":48}},"23":{"start":{"line":45,"column":47},"end":{"line":50,"column":8}},"24":{"start":{"line":52,"column":6},"end":{"line":57,"column":9}},"25":{"start":{"line":59,"column":6},"end":{"line":59,"column":18}},"26":{"start":{"line":64,"column":4},"end":{"line":76,"column":5}},"27":{"start":{"line":65,"column":21},"end":{"line":65,"column":31}},"28":{"start":{"line":67,"column":18},"end":{"line":67,"column":40}},"29":{"start":{"line":69,"column":6},"end":{"line":71,"column":7}},"30":{"start":{"line":70,"column":8},"end":{"line":70,"column":56}},"31":{"start":{"line":73,"column":6},"end":{"line":73,"column":20}},"32":{"start":{"line":75,"column":6},"end":{"line":75,"column":18}},"33":{"start":{"line":80,"column":0},"end":{"line":80,"column":34}}},"fnMap":{"0":{"name":"(anonymous_0)","decl":{"start":{"line":5,"column":2},"end":{"line":5,"column":3}},"loc":{"start":{"line":5,"column":42},"end":{"line":61,"column":3}},"line":5},"1":{"name":"(anonymous_1)","decl":{"start":{"line":63,"column":2},"end":{"line":63,"column":3}},"loc":{"start":{"line":63,"column":45},"end":{"line":77,"column":3}},"line":63}},"branchMap":{"0":{"loc":{"start":{"line":12,"column":6},"end":{"line":14,"column":7}},"type":"if","locations":[{"start":{"line":12,"column":6},"end":{"line":14,"column":7}},{"start":{},"end":{}}],"line":12},"1":{"loc":{"start":{"line":16,"column":6},"end":{"line":18,"column":7}},"type":"if","locations":[{"start":{"line":16,"column":6},"end":{"line":18,"column":7}},{"start":{},"end":{}}],"line":16},"2":{"loc":{"start":{"line":20,"column":6},"end":{"line":28,"column":7}},"type":"if","locations":[{"start":{"line":20,"column":6},"end":{"line":28,"column":7}},{"start":{},"end":{}}],"line":20},"3":{"loc":{"start":{"line":20,"column":10},"end":{"line":20,"column":30}},"type":"binary-expr","locations":[{"start":{"line":20,"column":10},"end":{"line":20,"column":18}},{"start":{"line":20,"column":22},"end":{"line":20,"column":30}}],"line":20},"4":{"loc":{"start":{"line":22,"column":8},"end":{"line":24,"column":9}},"type":"if","locations":[{"start":{"line":22,"column":8},"end":{"line":24,"column":9}},{"start":{},"end":{}}],"line":22},"5":{"loc":{"start":{"line":25,"column":8},"end":{"line":27,"column":9}},"type":"if","locations":[{"start":{"line":25,"column":8},"end":{"line":27,"column":9}},{"start":{},"end":{}}],"line":25},"6":{"loc":{"start":{"line":32,"column":6},"end":{"line":37,"column":7}},"type":"if","locations":[{"start":{"line":32,"column":6},"end":{"line":37,"column":7}},{"start":{},"end":{}}],"line":32},"7":{"loc":{"start":{"line":34,"column":8},"end":{"line":36,"column":9}},"type":"if","locations":[{"start":{"line":34,"column":8},"end":{"line":36,"column":9}},{"start":{},"end":{}}],"line":34},"8":{"loc":{"start":{"line":35,"column":30},"end":{"line":35,"column":65}},"type":"cond-expr","locations":[{"start":{"line":35,"column":51},"end":{"line":35,"column":57}},{"start":{"line":35,"column":60},"end":{"line":35,"column":65}}],"line":35},"9":{"loc":{"start":{"line":40,"column":25},"end":{"line":40,"column":44}},"type":"binary-expr","locations":[{"start":{"line":40,"column":25},"end":{"line":40,"column":39}},{"start":{"line":40,"column":43},"end":{"line":40,"column":44}}],"line":40},"10":{"loc":{"start":{"line":41,"column":23},"end":{"line":41,"column":44}},"type":"binary-expr","locations":[{"start":{"line":41,"column":23},"end":{"line":41,"column":38}},{"start":{"line":41,"column":42},"end":{"line":41,"column":44}}],"line":41},"11":{"loc":{"start":{"line":69,"column":6},"end":{"line":71,"column":7}},"type":"if","locations":[{"start":{"line":69,"column":6},"end":{"line":71,"column":7}},{"start":{},"end":{}}],"line":69}},"s":{"0":1,"1":1,"2":3,"3":3,"4":3,"5":3,"6":0,"7":3,"8":1,"9":3,"10":0,"11":0,"12":0,"13":0,"14":0,"15":3,"16":3,"17":0,"18":0,"19":0,"20":3,"21":3,"22":3,"23":3,"24":3,"25":0,"26":2,"27":2,"28":2,"29":2,"30":1,"31":1,"32":1,"33":1},"f":{"0":3,"1":2},"b":{"0":[0,3],"1":[1,2],"2":[0,3],"3":[3,3],"4":[0,0],"5":[0,0],"6":[0,3],"7":[0,0],"8":[0,0],"9":[3,2],"10":[3,2],"11":[1,1]},"_coverageSchema":"1a1c01bbd47fc00a2c39e90264f33305004495a9","hash":"955632bb773d722b6977eb5b66293d9e357af160"}
,"D:\\Hacktiv8\\Materi\\Phase 2\\Individual Project\\CarSwift\\controllers\\rentalController.js": {"path":"D:\\Hacktiv8\\Materi\\Phase 2\\Individual Project\\CarSwift\\controllers\\rentalController.js","statementMap":{"0":{"start":{"line":1,"column":27},"end":{"line":1,"column":62}},"1":{"start":{"line":2,"column":30},"end":{"line":2,"column":50}},"2":{"start":{"line":6,"column":4},"end":{"line":64,"column":5}},"3":{"start":{"line":7,"column":48},"end":{"line":7,"column":56}},"4":{"start":{"line":8,"column":21},"end":{"line":8,"column":32}},"5":{"start":{"line":10,"column":6},"end":{"line":12,"column":7}},"6":{"start":{"line":11,"column":8},"end":{"line":11,"column":65}},"7":{"start":{"line":14,"column":6},"end":{"line":16,"column":7}},"8":{"start":{"line":15,"column":8},"end":{"line":15,"column":73}},"9":{"start":{"line":18,"column":6},"end":{"line":20,"column":7}},"10":{"start":{"line":19,"column":8},"end":{"line":19,"column":73}},"11":{"start":{"line":22,"column":6},"end":{"line":27,"column":7}},"12":{"start":{"line":23,"column":8},"end":{"line":26,"column":10}},"13":{"start":{"line":29,"column":18},"end":{"line":29,"column":43}},"14":{"start":{"line":30,"column":6},"end":{"line":32,"column":7}},"15":{"start":{"line":31,"column":8},"end":{"line":31,"column":61}},"16":{"start":{"line":33,"column":6},"end":{"line":35,"column":7}},"17":{"start":{"line":34,"column":8},"end":{"line":34,"column":70}},"18":{"start":{"line":37,"column":29},"end":{"line":42,"column":8}},"19":{"start":{"line":44,"column":6},"end":{"line":46,"column":7}},"20":{"start":{"line":45,"column":8},"end":{"line":45,"column":71}},"21":{"start":{"line":48,"column":21},"end":{"line":54,"column":8}},"22":{"start":{"line":56,"column":6},"end":{"line":56,"column":45}},"23":{"start":{"line":58,"column":6},"end":{"line":60,"column":71}},"24":{"start":{"line":62,"column":6},"end":{"line":62,"column":25}},"25":{"start":{"line":63,"column":6},"end":{"line":63,"column":18}},"26":{"start":{"line":69,"column":4},"end":{"line":82,"column":5}},"27":{"start":{"line":70,"column":22},"end":{"line":73,"column":8}},"28":{"start":{"line":75,"column":6},"end":{"line":77,"column":7}},"29":{"start":{"line":76,"column":8},"end":{"line":76,"column":65}},"30":{"start":{"line":79,"column":6},"end":{"line":79,"column":40}},"31":{"start":{"line":81,"column":6},"end":{"line":81,"column":18}},"32":{"start":{"line":87,"column":4},"end":{"line":104,"column":5}},"33":{"start":{"line":88,"column":22},"end":{"line":99,"column":8}},"34":{"start":{"line":101,"column":6},"end":{"line":101,"column":40}},"35":{"start":{"line":103,"column":6},"end":{"line":103,"column":18}},"36":{"start":{"line":108,"column":4},"end":{"line":134,"column":5}},"37":{"start":{"line":109,"column":21},"end":{"line":109,"column":31}},"38":{"start":{"line":110,"column":21},"end":{"line":110,"column":77}},"39":{"start":{"line":112,"column":6},"end":{"line":114,"column":7}},"40":{"start":{"line":113,"column":8},"end":{"line":113,"column":64}},"41":{"start":{"line":115,"column":6},"end":{"line":120,"column":7}},"42":{"start":{"line":116,"column":8},"end":{"line":119,"column":10}},"43":{"start":{"line":123,"column":6},"end":{"line":123,"column":50}},"44":{"start":{"line":126,"column":6},"end":{"line":126,"column":55}},"45":{"start":{"line":128,"column":34},"end":{"line":128,"column":67}},"46":{"start":{"line":129,"column":6},"end":{"line":131,"column":9}},"47":{"start":{"line":133,"column":6},"end":{"line":133,"column":18}},"48":{"start":{"line":138,"column":0},"end":{"line":138,"column":34}}},"fnMap":{"0":{"name":"(anonymous_0)","decl":{"start":{"line":5,"column":2},"end":{"line":5,"column":3}},"loc":{"start":{"line":5,"column":39},"end":{"line":65,"column":3}},"line":5},"1":{"name":"(anonymous_1)","decl":{"start":{"line":68,"column":2},"end":{"line":68,"column":3}},"loc":{"start":{"line":68,"column":46},"end":{"line":83,"column":3}},"line":68},"2":{"name":"(anonymous_2)","decl":{"start":{"line":86,"column":2},"end":{"line":86,"column":3}},"loc":{"start":{"line":86,"column":45},"end":{"line":105,"column":3}},"line":86},"3":{"name":"(anonymous_3)","decl":{"start":{"line":107,"column":2},"end":{"line":107,"column":3}},"loc":{"start":{"line":107,"column":41},"end":{"line":135,"column":3}},"line":107}},"branchMap":{"0":{"loc":{"start":{"line":10,"column":6},"end":{"line":12,"column":7}},"type":"if","locations":[{"start":{"line":10,"column":6},"end":{"line":12,"column":7}},{"start":{},"end":{}}],"line":10},"1":{"loc":{"start":{"line":14,"column":6},"end":{"line":16,"column":7}},"type":"if","locations":[{"start":{"line":14,"column":6},"end":{"line":16,"column":7}},{"start":{},"end":{}}],"line":14},"2":{"loc":{"start":{"line":18,"column":6},"end":{"line":20,"column":7}},"type":"if","locations":[{"start":{"line":18,"column":6},"end":{"line":20,"column":7}},{"start":{},"end":{}}],"line":18},"3":{"loc":{"start":{"line":22,"column":6},"end":{"line":27,"column":7}},"type":"if","locations":[{"start":{"line":22,"column":6},"end":{"line":27,"column":7}},{"start":{},"end":{}}],"line":22},"4":{"loc":{"start":{"line":30,"column":6},"end":{"line":32,"column":7}},"type":"if","locations":[{"start":{"line":30,"column":6},"end":{"line":32,"column":7}},{"start":{},"end":{}}],"line":30},"5":{"loc":{"start":{"line":33,"column":6},"end":{"line":35,"column":7}},"type":"if","locations":[{"start":{"line":33,"column":6},"end":{"line":35,"column":7}},{"start":{},"end":{}}],"line":33},"6":{"loc":{"start":{"line":44,"column":6},"end":{"line":46,"column":7}},"type":"if","locations":[{"start":{"line":44,"column":6},"end":{"line":46,"column":7}},{"start":{},"end":{}}],"line":44},"7":{"loc":{"start":{"line":75,"column":6},"end":{"line":77,"column":7}},"type":"if","locations":[{"start":{"line":75,"column":6},"end":{"line":77,"column":7}},{"start":{},"end":{}}],"line":75},"8":{"loc":{"start":{"line":112,"column":6},"end":{"line":114,"column":7}},"type":"if","locations":[{"start":{"line":112,"column":6},"end":{"line":114,"column":7}},{"start":{},"end":{}}],"line":112},"9":{"loc":{"start":{"line":115,"column":6},"end":{"line":120,"column":7}},"type":"if","locations":[{"start":{"line":115,"column":6},"end":{"line":120,"column":7}},{"start":{},"end":{}}],"line":115},"10":{"loc":{"start":{"line":115,"column":10},"end":{"line":115,"column":68}},"type":"binary-expr","locations":[{"start":{"line":115,"column":10},"end":{"line":115,"column":39}},{"start":{"line":115,"column":43},"end":{"line":115,"column":68}}],"line":115}},"s":{"0":1,"1":1,"2":6,"3":6,"4":6,"5":6,"6":1,"7":5,"8":1,"9":4,"10":1,"11":3,"12":1,"13":2,"14":2,"15":1,"16":1,"17":0,"18":1,"19":1,"20":0,"21":1,"22":1,"23":1,"24":5,"25":5,"26":1,"27":1,"28":1,"29":0,"30":1,"31":0,"32":1,"33":1,"34":1,"35":0,"36":1,"37":1,"38":1,"39":1,"40":0,"41":1,"42":0,"43":1,"44":1,"45":1,"46":1,"47":0,"48":1},"f":{"0":6,"1":1,"2":1,"3":1},"b":{"0":[1,5],"1":[1,4],"2":[1,3],"3":[1,2],"4":[1,1],"5":[0,1],"6":[0,1],"7":[0,1],"8":[0,1],"9":[0,1],"10":[1,0]},"_coverageSchema":"1a1c01bbd47fc00a2c39e90264f33305004495a9","hash":"d9e5a9483aecaea9930b37a985753af3d30f1914"}
,"D:\\Hacktiv8\\Materi\\Phase 2\\Individual Project\\CarSwift\\controllers\\userController.js": {"path":"D:\\Hacktiv8\\Materi\\Phase 2\\Individual Project\\CarSwift\\controllers\\userController.js","statementMap":{"0":{"start":{"line":1,"column":42},"end":{"line":1,"column":70}},"1":{"start":{"line":2,"column":22},"end":{"line":2,"column":47}},"2":{"start":{"line":3,"column":17},"end":{"line":3,"column":37}},"3":{"start":{"line":7,"column":4},"end":{"line":17,"column":5}},"4":{"start":{"line":8,"column":19},"end":{"line":8,"column":46}},"5":{"start":{"line":10,"column":6},"end":{"line":13,"column":9}},"6":{"start":{"line":15,"column":6},"end":{"line":15,"column":25}},"7":{"start":{"line":16,"column":6},"end":{"line":16,"column":18}},"8":{"start":{"line":21,"column":4},"end":{"line":42,"column":5}},"9":{"start":{"line":22,"column":34},"end":{"line":22,"column":42}},"10":{"start":{"line":23,"column":6},"end":{"line":25,"column":7}},"11":{"start":{"line":24,"column":8},"end":{"line":24,"column":74}},"12":{"start":{"line":27,"column":19},"end":{"line":27,"column":59}},"13":{"start":{"line":28,"column":6},"end":{"line":30,"column":7}},"14":{"start":{"line":29,"column":8},"end":{"line":29,"column":73}},"15":{"start":{"line":32,"column":30},"end":{"line":32,"column":70}},"16":{"start":{"line":33,"column":6},"end":{"line":35,"column":7}},"17":{"start":{"line":34,"column":8},"end":{"line":34,"column":73}},"18":{"start":{"line":37,"column":27},"end":{"line":37,"column":53}},"19":{"start":{"line":39,"column":6},"end":{"line":39,"column":33}},"20":{"start":{"line":41,"column":6},"end":{"line":41,"column":18}},"21":{"start":{"line":46,"column":4},"end":{"line":68,"column":5}},"22":{"start":{"line":47,"column":40},"end":{"line":47,"column":48}},"23":{"start":{"line":48,"column":21},"end":{"line":48,"column":32}},"24":{"start":{"line":50,"column":24},"end":{"line":50,"column":26}},"25":{"start":{"line":51,"column":6},"end":{"line":51,"column":54}},"26":{"start":{"line":51,"column":30},"end":{"line":51,"column":54}},"27":{"start":{"line":52,"column":6},"end":{"line":52,"column":57}},"28":{"start":{"line":52,"column":31},"end":{"line":52,"column":57}},"29":{"start":{"line":53,"column":6},"end":{"line":53,"column":80}},"30":{"start":{"line":53,"column":34},"end":{"line":53,"column":80}},"31":{"start":{"line":55,"column":24},"end":{"line":59,"column":8}},"32":{"start":{"line":61,"column":6},"end":{"line":63,"column":7}},"33":{"start":{"line":62,"column":8},"end":{"line":62,"column":62}},"34":{"start":{"line":65,"column":6},"end":{"line":65,"column":72}},"35":{"start":{"line":67,"column":6},"end":{"line":67,"column":18}},"36":{"start":{"line":72,"column":4},"end":{"line":86,"column":5}},"37":{"start":{"line":73,"column":21},"end":{"line":73,"column":31}},"38":{"start":{"line":75,"column":22},"end":{"line":75,"column":59}},"39":{"start":{"line":77,"column":6},"end":{"line":79,"column":7}},"40":{"start":{"line":78,"column":8},"end":{"line":78,"column":62}},"41":{"start":{"line":81,"column":6},"end":{"line":83,"column":70}},"42":{"start":{"line":85,"column":6},"end":{"line":85,"column":18}},"43":{"start":{"line":90,"column":4},"end":{"line":99,"column":5}},"44":{"start":{"line":91,"column":20},"end":{"line":94,"column":8}},"45":{"start":{"line":96,"column":6},"end":{"line":96,"column":34}},"46":{"start":{"line":98,"column":6},"end":{"line":98,"column":18}},"47":{"start":{"line":103,"column":4},"end":{"line":123,"column":5}},"48":{"start":{"line":104,"column":21},"end":{"line":104,"column":31}},"49":{"start":{"line":105,"column":23},"end":{"line":105,"column":31}},"50":{"start":{"line":107,"column":27},"end":{"line":107,"column":48}},"51":{"start":{"line":108,"column":6},"end":{"line":110,"column":7}},"52":{"start":{"line":109,"column":8},"end":{"line":109,"column":62}},"53":{"start":{"line":112,"column":24},"end":{"line":112,"column":70}},"54":{"start":{"line":114,"column":6},"end":{"line":116,"column":7}},"55":{"start":{"line":115,"column":8},"end":{"line":115,"column":62}},"56":{"start":{"line":118,"column":6},"end":{"line":120,"column":73}},"57":{"start":{"line":122,"column":6},"end":{"line":122,"column":18}},"58":{"start":{"line":127,"column":0},"end":{"line":127,"column":32}}},"fnMap":{"0":{"name":"(anonymous_0)","decl":{"start":{"line":6,"column":2},"end":{"line":6,"column":3}},"loc":{"start":{"line":6,"column":42},"end":{"line":18,"column":3}},"line":6},"1":{"name":"(anonymous_1)","decl":{"start":{"line":20,"column":2},"end":{"line":20,"column":3}},"loc":{"start":{"line":20,"column":37},"end":{"line":43,"column":3}},"line":20},"2":{"name":"(anonymous_2)","decl":{"start":{"line":45,"column":2},"end":{"line":45,"column":3}},"loc":{"start":{"line":45,"column":45},"end":{"line":69,"column":3}},"line":45},"3":{"name":"(anonymous_3)","decl":{"start":{"line":71,"column":2},"end":{"line":71,"column":3}},"loc":{"start":{"line":71,"column":46},"end":{"line":87,"column":3}},"line":71},"4":{"name":"(anonymous_4)","decl":{"start":{"line":89,"column":2},"end":{"line":89,"column":3}},"loc":{"start":{"line":89,"column":43},"end":{"line":100,"column":3}},"line":89},"5":{"name":"(anonymous_5)","decl":{"start":{"line":102,"column":2},"end":{"line":102,"column":3}},"loc":{"start":{"line":102,"column":46},"end":{"line":124,"column":3}},"line":102}},"branchMap":{"0":{"loc":{"start":{"line":23,"column":6},"end":{"line":25,"column":7}},"type":"if","locations":[{"start":{"line":23,"column":6},"end":{"line":25,"column":7}},{"start":{},"end":{}}],"line":23},"1":{"loc":{"start":{"line":23,"column":10},"end":{"line":23,"column":29}},"type":"binary-expr","locations":[{"start":{"line":23,"column":10},"end":{"line":23,"column":16}},{"start":{"line":23,"column":20},"end":{"line":23,"column":29}}],"line":23},"2":{"loc":{"start":{"line":28,"column":6},"end":{"line":30,"column":7}},"type":"if","locations":[{"start":{"line":28,"column":6},"end":{"line":30,"column":7}},{"start":{},"end":{}}],"line":28},"3":{"loc":{"start":{"line":33,"column":6},"end":{"line":35,"column":7}},"type":"if","locations":[{"start":{"line":33,"column":6},"end":{"line":35,"column":7}},{"start":{},"end":{}}],"line":33},"4":{"loc":{"start":{"line":51,"column":6},"end":{"line":51,"column":54}},"type":"if","locations":[{"start":{"line":51,"column":6},"end":{"line":51,"column":54}},{"start":{},"end":{}}],"line":51},"5":{"loc":{"start":{"line":52,"column":6},"end":{"line":52,"column":57}},"type":"if","locations":[{"start":{"line":52,"column":6},"end":{"line":52,"column":57}},{"start":{},"end":{}}],"line":52},"6":{"loc":{"start":{"line":53,"column":6},"end":{"line":53,"column":80}},"type":"if","locations":[{"start":{"line":53,"column":6},"end":{"line":53,"column":80}},{"start":{},"end":{}}],"line":53},"7":{"loc":{"start":{"line":61,"column":6},"end":{"line":63,"column":7}},"type":"if","locations":[{"start":{"line":61,"column":6},"end":{"line":63,"column":7}},{"start":{},"end":{}}],"line":61},"8":{"loc":{"start":{"line":77,"column":6},"end":{"line":79,"column":7}},"type":"if","locations":[{"start":{"line":77,"column":6},"end":{"line":79,"column":7}},{"start":{},"end":{}}],"line":77},"9":{"loc":{"start":{"line":108,"column":6},"end":{"line":110,"column":7}},"type":"if","locations":[{"start":{"line":108,"column":6},"end":{"line":110,"column":7}},{"start":{},"end":{}}],"line":108},"10":{"loc":{"start":{"line":114,"column":6},"end":{"line":116,"column":7}},"type":"if","locations":[{"start":{"line":114,"column":6},"end":{"line":116,"column":7}},{"start":{},"end":{}}],"line":114}},"s":{"0":1,"1":1,"2":1,"3":9,"4":9,"5":1,"6":8,"7":8,"8":6,"9":6,"10":6,"11":3,"12":3,"13":3,"14":1,"15":2,"16":2,"17":1,"18":1,"19":1,"20":5,"21":6,"22":6,"23":6,"24":6,"25":6,"26":6,"27":6,"28":6,"29":6,"30":2,"31":6,"32":1,"33":0,"34":1,"35":5,"36":2,"37":2,"38":2,"39":2,"40":1,"41":1,"42":1,"43":1,"44":1,"45":1,"46":0,"47":3,"48":3,"49":3,"50":3,"51":3,"52":1,"53":2,"54":2,"55":1,"56":1,"57":2,"58":1},"f":{"0":9,"1":6,"2":6,"3":2,"4":1,"5":3},"b":{"0":[3,3],"1":[6,4],"2":[1,2],"3":[1,1],"4":[6,0],"5":[6,0],"6":[2,4],"7":[0,1],"8":[1,1],"9":[1,2],"10":[1,1]},"_coverageSchema":"1a1c01bbd47fc00a2c39e90264f33305004495a9","hash":"259d7d2e7eb649ab867c3552b8d398494b597e57"}
,"D:\\Hacktiv8\\Materi\\Phase 2\\Individual Project\\CarSwift\\helpers\\bcrypt.js": {"path":"D:\\Hacktiv8\\Materi\\Phase 2\\Individual Project\\CarSwift\\helpers\\bcrypt.js","statementMap":{"0":{"start":{"line":1,"column":15},"end":{"line":1,"column":34}},"1":{"start":{"line":3,"column":0},"end":{"line":10,"column":2}},"2":{"start":{"line":5,"column":4},"end":{"line":5,"column":41}},"3":{"start":{"line":8,"column":4},"end":{"line":8,"column":46}}},"fnMap":{"0":{"name":"(anonymous_0)","decl":{"start":{"line":4,"column":16},"end":{"line":4,"column":17}},"loc":{"start":{"line":4,"column":30},"end":{"line":6,"column":3}},"line":4},"1":{"name":"(anonymous_1)","decl":{"start":{"line":7,"column":19},"end":{"line":7,"column":20}},"loc":{"start":{"line":7,"column":39},"end":{"line":9,"column":3}},"line":7}},"branchMap":{},"s":{"0":1,"1":1,"2":7,"3":2},"f":{"0":7,"1":2},"b":{},"_coverageSchema":"1a1c01bbd47fc00a2c39e90264f33305004495a9","hash":"3750d4c3227ee4afb75ee5e24ae7728740c294b8"}
,"D:\\Hacktiv8\\Materi\\Phase 2\\Individual Project\\CarSwift\\helpers\\dateFormatter.js": {"path":"D:\\Hacktiv8\\Materi\\Phase 2\\Individual Project\\CarSwift\\helpers\\dateFormatter.js","statementMap":{"0":{"start":{"line":2,"column":2},"end":{"line":9,"column":5}},"1":{"start":{"line":12,"column":0},"end":{"line":12,"column":36}}},"fnMap":{"0":{"name":"formatDateTime","decl":{"start":{"line":1,"column":9},"end":{"line":1,"column":23}},"loc":{"start":{"line":1,"column":30},"end":{"line":10,"column":1}},"line":1}},"branchMap":{},"s":{"0":4,"1":1},"f":{"0":4},"b":{},"_coverageSchema":"1a1c01bbd47fc00a2c39e90264f33305004495a9","hash":"915e93ba4eb79dc223faa3d50279d516f423eaee"}
,"D:\\Hacktiv8\\Materi\\Phase 2\\Individual Project\\CarSwift\\helpers\\jwt.js": {"path":"D:\\Hacktiv8\\Materi\\Phase 2\\Individual Project\\CarSwift\\helpers\\jwt.js","statementMap":{"0":{"start":{"line":1,"column":0},"end":{"line":1,"column":27}},"1":{"start":{"line":2,"column":12},"end":{"line":2,"column":35}},"2":{"start":{"line":4,"column":15},"end":{"line":4,"column":41}},"3":{"start":{"line":6,"column":0},"end":{"line":16,"column":2}},"4":{"start":{"line":7,"column":23},"end":{"line":7,"column":66}},"5":{"start":{"line":10,"column":4},"end":{"line":14,"column":5}},"6":{"start":{"line":11,"column":6},"end":{"line":11,"column":39}},"7":{"start":{"line":13,"column":6},"end":{"line":13,"column":79}}},"fnMap":{"0":{"name":"(anonymous_0)","decl":{"start":{"line":7,"column":13},"end":{"line":7,"column":14}},"loc":{"start":{"line":7,"column":23},"end":{"line":7,"column":66}},"line":7},"1":{"name":"(anonymous_1)","decl":{"start":{"line":9,"column":15},"end":{"line":9,"column":16}},"loc":{"start":{"line":9,"column":26},"end":{"line":15,"column":3}},"line":9}},"branchMap":{},"s":{"0":1,"1":1,"2":1,"3":1,"4":3,"5":64,"6":64,"7":12},"f":{"0":3,"1":64},"b":{},"_coverageSchema":"1a1c01bbd47fc00a2c39e90264f33305004495a9","hash":"7766f2cf26796d58e0b867cf122c86d2c2939dfb"}
,"D:\\Hacktiv8\\Materi\\Phase 2\\Individual Project\\CarSwift\\middlewares\\authentication.js": {"path":"D:\\Hacktiv8\\Materi\\Phase 2\\Individual Project\\CarSwift\\middlewares\\authentication.js","statementMap":{"0":{"start":{"line":1,"column":24},"end":{"line":1,"column":49}},"1":{"start":{"line":2,"column":17},"end":{"line":2,"column":37}},"2":{"start":{"line":5,"column":2},"end":{"line":28,"column":3}},"3":{"start":{"line":6,"column":24},"end":{"line":6,"column":49}},"4":{"start":{"line":7,"column":4},"end":{"line":9,"column":5}},"5":{"start":{"line":8,"column":6},"end":{"line":8,"column":74}},"6":{"start":{"line":11,"column":24},"end":{"line":11,"column":49}},"7":{"start":{"line":12,"column":4},"end":{"line":14,"column":5}},"8":{"start":{"line":13,"column":6},"end":{"line":13,"column":74}},"9":{"start":{"line":16,"column":17},"end":{"line":16,"column":41}},"10":{"start":{"line":18,"column":17},"end":{"line":18,"column":45}},"11":{"start":{"line":19,"column":4},"end":{"line":21,"column":5}},"12":{"start":{"line":20,"column":6},"end":{"line":20,"column":74}},"13":{"start":{"line":23,"column":4},"end":{"line":23,"column":67}},"14":{"start":{"line":25,"column":4},"end":{"line":25,"column":11}},"15":{"start":{"line":27,"column":4},"end":{"line":27,"column":16}},"16":{"start":{"line":31,"column":0},"end":{"line":31,"column":32}}},"fnMap":{"0":{"name":"authentication","decl":{"start":{"line":4,"column":15},"end":{"line":4,"column":29}},"loc":{"start":{"line":4,"column":46},"end":{"line":29,"column":1}},"line":4}},"branchMap":{"0":{"loc":{"start":{"line":7,"column":4},"end":{"line":9,"column":5}},"type":"if","locations":[{"start":{"line":7,"column":4},"end":{"line":9,"column":5}},{"start":{},"end":{}}],"line":7},"1":{"loc":{"start":{"line":12,"column":4},"end":{"line":14,"column":5}},"type":"if","locations":[{"start":{"line":12,"column":4},"end":{"line":14,"column":5}},{"start":{},"end":{}}],"line":12},"2":{"loc":{"start":{"line":19,"column":4},"end":{"line":21,"column":5}},"type":"if","locations":[{"start":{"line":19,"column":4},"end":{"line":21,"column":5}},{"start":{},"end":{}}],"line":19}},"s":{"0":1,"1":1,"2":75,"3":75,"4":75,"5":11,"6":64,"7":64,"8":0,"9":64,"10":52,"11":52,"12":0,"13":52,"14":52,"15":23,"16":1},"f":{"0":75},"b":{"0":[11,64],"1":[0,64],"2":[0,52]},"_coverageSchema":"1a1c01bbd47fc00a2c39e90264f33305004495a9","hash":"4aa56b7dddbde0849e8af7c4f647d8979683920c"}
,"D:\\Hacktiv8\\Materi\\Phase 2\\Individual Project\\CarSwift\\middlewares\\authorization.js": {"path":"D:\\Hacktiv8\\Materi\\Phase 2\\Individual Project\\CarSwift\\middlewares\\authorization.js","statementMap":{"0":{"start":{"line":2,"column":2},"end":{"line":4,"column":3}},"1":{"start":{"line":3,"column":4},"end":{"line":3,"column":67}},"2":{"start":{"line":5,"column":2},"end":{"line":5,"column":9}},"3":{"start":{"line":8,"column":0},"end":{"line":8,"column":25}}},"fnMap":{"0":{"name":"isAdmin","decl":{"start":{"line":1,"column":9},"end":{"line":1,"column":16}},"loc":{"start":{"line":1,"column":33},"end":{"line":6,"column":1}},"line":1}},"branchMap":{"0":{"loc":{"start":{"line":2,"column":2},"end":{"line":4,"column":3}},"type":"if","locations":[{"start":{"line":2,"column":2},"end":{"line":4,"column":3}},{"start":{},"end":{}}],"line":2}},"s":{"0":32,"1":7,"2":25,"3":1},"f":{"0":32},"b":{"0":[7,25]},"_coverageSchema":"1a1c01bbd47fc00a2c39e90264f33305004495a9","hash":"84216fe478fcf4bf0275fef7ae101cf55fd65e00"}
,"D:\\Hacktiv8\\Materi\\Phase 2\\Individual Project\\CarSwift\\middlewares\\errorHandler.js": {"path":"D:\\Hacktiv8\\Materi\\Phase 2\\Individual Project\\CarSwift\\middlewares\\errorHandler.js","statementMap":{"0":{"start":{"line":4,"column":19},"end":{"line":4,"column":38}},"1":{"start":{"line":5,"column":16},"end":{"line":5,"column":56}},"2":{"start":{"line":8,"column":2},"end":{"line":14,"column":3}},"3":{"start":{"line":12,"column":4},"end":{"line":12,"column":21}},"4":{"start":{"line":13,"column":4},"end":{"line":13,"column":38}},"5":{"start":{"line":16,"column":2},"end":{"line":19,"column":3}},"6":{"start":{"line":17,"column":4},"end":{"line":17,"column":21}},"7":{"start":{"line":18,"column":4},"end":{"line":18,"column":48}},"8":{"start":{"line":22,"column":2},"end":{"line":29,"column":3}},"9":{"start":{"line":27,"column":4},"end":{"line":27,"column":21}},"10":{"start":{"line":28,"column":4},"end":{"line":28,"column":58}},"11":{"start":{"line":32,"column":2},"end":{"line":35,"column":3}},"12":{"start":{"line":33,"column":4},"end":{"line":33,"column":21}},"13":{"start":{"line":34,"column":4},"end":{"line":34,"column":56}},"14":{"start":{"line":37,"column":2},"end":{"line":40,"column":3}},"15":{"start":{"line":38,"column":4},"end":{"line":38,"column":21}},"16":{"start":{"line":39,"column":4},"end":{"line":39,"column":52}},"17":{"start":{"line":43,"column":2},"end":{"line":46,"column":3}},"18":{"start":{"line":44,"column":4},"end":{"line":44,"column":21}},"19":{"start":{"line":45,"column":4},"end":{"line":45,"column":46}},"20":{"start":{"line":48,"column":2},"end":{"line":48,"column":43}},"21":{"start":{"line":51,"column":0},"end":{"line":51,"column":30}}},"fnMap":{"0":{"name":"errorHandler","decl":{"start":{"line":1,"column":9},"end":{"line":1,"column":21}},"loc":{"start":{"line":1,"column":45},"end":{"line":49,"column":1}},"line":1}},"branchMap":{"0":{"loc":{"start":{"line":4,"column":19},"end":{"line":4,"column":38}},"type":"binary-expr","locations":[{"start":{"line":4,"column":19},"end":{"line":4,"column":31}},{"start":{"line":4,"column":35},"end":{"line":4,"column":38}}],"line":4},"1":{"loc":{"start":{"line":5,"column":16},"end":{"line":5,"column":56}},"type":"binary-expr","locations":[{"start":{"line":5,"column":16},"end":{"line":5,"column":29}},{"start":{"line":5,"column":33},"end":{"line":5,"column":56}}],"line":5},"2":{"loc":{"start":{"line":8,"column":2},"end":{"line":14,"column":3}},"type":"if","locations":[{"start":{"line":8,"column":2},"end":{"line":14,"column":3}},{"start":{},"end":{}}],"line":8},"3":{"loc":{"start":{"line":9,"column":4},"end":{"line":10,"column":51}},"type":"binary-expr","locations":[{"start":{"line":9,"column":4},"end":{"line":9,"column":45}},{"start":{"line":10,"column":4},"end":{"line":10,"column":51}}],"line":9},"4":{"loc":{"start":{"line":16,"column":2},"end":{"line":19,"column":3}},"type":"if","locations":[{"start":{"line":16,"column":2},"end":{"line":19,"column":3}},{"start":{},"end":{}}],"line":16},"5":{"loc":{"start":{"line":18,"column":14},"end":{"line":18,"column":47}},"type":"binary-expr","locations":[{"start":{"line":18,"column":14},"end":{"line":18,"column":27}},{"start":{"line":18,"column":31},"end":{"line":18,"column":47}}],"line":18},"6":{"loc":{"start":{"line":22,"column":2},"end":{"line":29,"column":3}},"type":"if","locations":[{"start":{"line":22,"column":2},"end":{"line":29,"column":3}},{"start":{},"end":{}}],"line":22},"7":{"loc":{"start":{"line":23,"column":4},"end":{"line":25,"column":33}},"type":"binary-expr","locations":[{"start":{"line":23,"column":4},"end":{"line":23,"column":38}},{"start":{"line":24,"column":4},"end":{"line":24,"column":38}},{"start":{"line":25,"column":4},"end":{"line":25,"column":33}}],"line":23},"8":{"loc":{"start":{"line":28,"column":14},"end":{"line":28,"column":57}},"type":"binary-expr","locations":[{"start":{"line":28,"column":14},"end":{"line":28,"column":27}},{"start":{"line":28,"column":31},"end":{"line":28,"column":57}}],"line":28},"9":{"loc":{"start":{"line":32,"column":2},"end":{"line":35,"column":3}},"type":"if","locations":[{"start":{"line":32,"column":2},"end":{"line":35,"column":3}},{"start":{},"end":{}}],"line":32},"10":{"loc":{"start":{"line":34,"column":14},"end":{"line":34,"column":55}},"type":"binary-expr","locations":[{"start":{"line":34,"column":14},"end":{"line":34,"column":27}},{"start":{"line":34,"column":31},"end":{"line":34,"column":55}}],"line":34},"11":{"loc":{"start":{"line":37,"column":2},"end":{"line":40,"column":3}},"type":"if","locations":[{"start":{"line":37,"column":2},"end":{"line":40,"column":3}},{"start":{},"end":{}}],"line":37},"12":{"loc":{"start":{"line":39,"column":14},"end":{"line":39,"column":51}},"type":"binary-expr","locations":[{"start":{"line":39,"column":14},"end":{"line":39,"column":27}},{"start":{"line":39,"column":31},"end":{"line":39,"column":51}}],"line":39},"13":{"loc":{"start":{"line":43,"column":2},"end":{"line":46,"column":3}},"type":"if","locations":[{"start":{"line":43,"column":2},"end":{"line":46,"column":3}},{"start":{},"end":{}}],"line":43},"14":{"loc":{"start":{"line":45,"column":14},"end":{"line":45,"column":45}},"type":"binary-expr","locations":[{"start":{"line":45,"column":14},"end":{"line":45,"column":27}},{"start":{"line":45,"column":31},"end":{"line":45,"column":45}}],"line":45}},"s":{"0":74,"1":74,"2":74,"3":19,"4":19,"5":74,"6":5,"7":5,"8":74,"9":23,"10":23,"11":74,"12":7,"13":7,"14":74,"15":5,"16":5,"17":74,"18":2,"19":2,"20":74,"21":1},"f":{"0":74},"b":{"0":[74,59],"1":[74,0],"2":[19,55],"3":[74,56],"4":[5,69],"5":[5,0],"6":[23,51],"7":[74,62,62],"8":[23,0],"9":[7,67],"10":[7,0],"11":[5,69],"12":[5,0],"13":[2,72],"14":[2,0]},"_coverageSchema":"1a1c01bbd47fc00a2c39e90264f33305004495a9","hash":"52621beb2b48559c111ced342c019fbec4c45cfc"}
,"D:\\Hacktiv8\\Materi\\Phase 2\\Individual Project\\CarSwift\\models\\car.js": {"path":"D:\\Hacktiv8\\Materi\\Phase 2\\Individual Project\\CarSwift\\models\\car.js","statementMap":{"0":{"start":{"line":2,"column":18},"end":{"line":2,"column":38}},"1":{"start":{"line":4,"column":0},"end":{"line":101,"column":2}},"2":{"start":{"line":13,"column":6},"end":{"line":13,"column":58}},"3":{"start":{"line":16,"column":2},"end":{"line":96,"column":4}},"4":{"start":{"line":97,"column":2},"end":{"line":99,"column":5}},"5":{"start":{"line":98,"column":4},"end":{"line":98,"column":29}},"6":{"start":{"line":100,"column":2},"end":{"line":100,"column":13}}},"fnMap":{"0":{"name":"(anonymous_0)","decl":{"start":{"line":4,"column":17},"end":{"line":4,"column":18}},"loc":{"start":{"line":4,"column":43},"end":{"line":101,"column":1}},"line":4},"1":{"name":"(anonymous_1)","decl":{"start":{"line":11,"column":4},"end":{"line":11,"column":5}},"loc":{"start":{"line":11,"column":29},"end":{"line":14,"column":5}},"line":11},"2":{"name":"(anonymous_2)","decl":{"start":{"line":97,"column":19},"end":{"line":97,"column":20}},"loc":{"start":{"line":97,"column":28},"end":{"line":99,"column":3}},"line":97}},"branchMap":{},"s":{"0":1,"1":1,"2":1,"3":1,"4":1,"5":1,"6":1},"f":{"0":1,"1":1,"2":1},"b":{},"_coverageSchema":"1a1c01bbd47fc00a2c39e90264f33305004495a9","hash":"190d13218f4825be710670f6359e4c35a925f14d"}
,"D:\\Hacktiv8\\Materi\\Phase 2\\Individual Project\\CarSwift\\models\\index.js": {"path":"D:\\Hacktiv8\\Materi\\Phase 2\\Individual Project\\CarSwift\\models\\index.js","statementMap":{"0":{"start":{"line":3,"column":11},"end":{"line":3,"column":24}},"1":{"start":{"line":4,"column":13},"end":{"line":4,"column":28}},"2":{"start":{"line":5,"column":18},"end":{"line":5,"column":38}},"3":{"start":{"line":6,"column":16},"end":{"line":6,"column":34}},"4":{"start":{"line":7,"column":17},"end":{"line":7,"column":42}},"5":{"start":{"line":8,"column":12},"end":{"line":8,"column":49}},"6":{"start":{"line":9,"column":15},"end":{"line":9,"column":65}},"7":{"start":{"line":10,"column":11},"end":{"line":10,"column":13}},"8":{"start":{"line":13,"column":0},"end":{"line":17,"column":1}},"9":{"start":{"line":14,"column":2},"end":{"line":14,"column":74}},"10":{"start":{"line":16,"column":2},"end":{"line":16,"column":87}},"11":{"start":{"line":19,"column":0},"end":{"line":32,"column":5}},"12":{"start":{"line":22,"column":4},"end":{"line":27,"column":6}},"13":{"start":{"line":30,"column":18},"end":{"line":30,"column":85}},"14":{"start":{"line":31,"column":4},"end":{"line":31,"column":27}},"15":{"start":{"line":34,"column":0},"end":{"line":38,"column":3}},"16":{"start":{"line":35,"column":2},"end":{"line":37,"column":3}},"17":{"start":{"line":36,"column":4},"end":{"line":36,"column":32}},"18":{"start":{"line":40,"column":0},"end":{"line":40,"column":25}},"19":{"start":{"line":41,"column":0},"end":{"line":41,"column":25}},"20":{"start":{"line":43,"column":0},"end":{"line":43,"column":20}}},"fnMap":{"0":{"name":"(anonymous_0)","decl":{"start":{"line":21,"column":10},"end":{"line":21,"column":11}},"loc":{"start":{"line":21,"column":18},"end":{"line":28,"column":3}},"line":21},"1":{"name":"(anonymous_1)","decl":{"start":{"line":29,"column":11},"end":{"line":29,"column":12}},"loc":{"start":{"line":29,"column":19},"end":{"line":32,"column":3}},"line":29},"2":{"name":"(anonymous_2)","decl":{"start":{"line":34,"column":24},"end":{"line":34,"column":25}},"loc":{"start":{"line":34,"column":37},"end":{"line":38,"column":1}},"line":34}},"branchMap":{"0":{"loc":{"start":{"line":8,"column":12},"end":{"line":8,"column":49}},"type":"binary-expr","locations":[{"start":{"line":8,"column":12},"end":{"line":8,"column":32}},{"start":{"line":8,"column":36},"end":{"line":8,"column":49}}],"line":8},"1":{"loc":{"start":{"line":13,"column":0},"end":{"line":17,"column":1}},"type":"if","locations":[{"start":{"line":13,"column":0},"end":{"line":17,"column":1}},{"start":{"line":15,"column":7},"end":{"line":17,"column":1}}],"line":13},"2":{"loc":{"start":{"line":23,"column":6},"end":{"line":26,"column":37}},"type":"binary-expr","locations":[{"start":{"line":23,"column":6},"end":{"line":23,"column":29}},{"start":{"line":24,"column":6},"end":{"line":24,"column":23}},{"start":{"line":25,"column":6},"end":{"line":25,"column":30}},{"start":{"line":26,"column":6},"end":{"line":26,"column":37}}],"line":23},"3":{"loc":{"start":{"line":35,"column":2},"end":{"line":37,"column":3}},"type":"if","locations":[{"start":{"line":35,"column":2},"end":{"line":37,"column":3}},{"start":{},"end":{}}],"line":35}},"s":{"0":1,"1":1,"2":1,"3":1,"4":1,"5":1,"6":1,"7":1,"8":1,"9":0,"10":1,"11":1,"12":4,"13":3,"14":3,"15":1,"16":3,"17":3,"18":1,"19":1,"20":1},"f":{"0":4,"1":3,"2":3},"b":{"0":[1,0],"1":[0,1],"2":[4,4,3,3],"3":[3,0]},"_coverageSchema":"1a1c01bbd47fc00a2c39e90264f33305004495a9","hash":"c6695e386322c26be3c0c595d0e0318fa8cc4fa1"}
,"D:\\Hacktiv8\\Materi\\Phase 2\\Individual Project\\CarSwift\\models\\rental.js": {"path":"D:\\Hacktiv8\\Materi\\Phase 2\\Individual Project\\CarSwift\\models\\rental.js","statementMap":{"0":{"start":{"line":2,"column":18},"end":{"line":2,"column":38}},"1":{"start":{"line":4,"column":0},"end":{"line":86,"column":2}},"2":{"start":{"line":13,"column":6},"end":{"line":13,"column":62}},"3":{"start":{"line":14,"column":6},"end":{"line":14,"column":60}},"4":{"start":{"line":17,"column":2},"end":{"line":84,"column":4}},"5":{"start":{"line":85,"column":2},"end":{"line":85,"column":16}}},"fnMap":{"0":{"name":"(anonymous_0)","decl":{"start":{"line":4,"column":17},"end":{"line":4,"column":18}},"loc":{"start":{"line":4,"column":43},"end":{"line":86,"column":1}},"line":4},"1":{"name":"(anonymous_1)","decl":{"start":{"line":11,"column":4},"end":{"line":11,"column":5}},"loc":{"start":{"line":11,"column":29},"end":{"line":15,"column":5}},"line":11}},"branchMap":{},"s":{"0":1,"1":1,"2":1,"3":1,"4":1,"5":1},"f":{"0":1,"1":1},"b":{},"_coverageSchema":"1a1c01bbd47fc00a2c39e90264f33305004495a9","hash":"4949d74cd70e7e57108a172e0f218238ec6c3587"}
,"D:\\Hacktiv8\\Materi\\Phase 2\\Individual Project\\CarSwift\\models\\user.js": {"path":"D:\\Hacktiv8\\Materi\\Phase 2\\Individual Project\\CarSwift\\models\\user.js","statementMap":{"0":{"start":{"line":2,"column":18},"end":{"line":2,"column":38}},"1":{"start":{"line":3,"column":25},"end":{"line":3,"column":53}},"2":{"start":{"line":5,"column":0},"end":{"line":82,"column":2}},"3":{"start":{"line":14,"column":6},"end":{"line":14,"column":60}},"4":{"start":{"line":17,"column":2},"end":{"line":74,"column":4}},"5":{"start":{"line":75,"column":2},"end":{"line":80,"column":5}},"6":{"start":{"line":76,"column":4},"end":{"line":76,"column":48}},"7":{"start":{"line":77,"column":4},"end":{"line":79,"column":5}},"8":{"start":{"line":78,"column":6},"end":{"line":78,"column":25}},"9":{"start":{"line":81,"column":2},"end":{"line":81,"column":14}}},"fnMap":{"0":{"name":"(anonymous_0)","decl":{"start":{"line":5,"column":17},"end":{"line":5,"column":18}},"loc":{"start":{"line":5,"column":43},"end":{"line":82,"column":1}},"line":5},"1":{"name":"(anonymous_1)","decl":{"start":{"line":12,"column":4},"end":{"line":12,"column":5}},"loc":{"start":{"line":12,"column":29},"end":{"line":15,"column":5}},"line":12},"2":{"name":"(anonymous_2)","decl":{"start":{"line":75,"column":20},"end":{"line":75,"column":21}},"loc":{"start":{"line":75,"column":30},"end":{"line":80,"column":3}},"line":75}},"branchMap":{"0":{"loc":{"start":{"line":77,"column":4},"end":{"line":79,"column":5}},"type":"if","locations":[{"start":{"line":77,"column":4},"end":{"line":79,"column":5}},{"start":{},"end":{}}],"line":77}},"s":{"0":1,"1":1,"2":1,"3":1,"4":1,"5":1,"6":2,"7":2,"8":0,"9":1},"f":{"0":1,"1":1,"2":2},"b":{"0":[0,2]},"_coverageSchema":"1a1c01bbd47fc00a2c39e90264f33305004495a9","hash":"81768fe5634ae3bed23a8b6000fea2ba96f00cfb"}
,"D:\\Hacktiv8\\Materi\\Phase 2\\Individual Project\\CarSwift\\routes\\adminRouter.js": {"path":"D:\\Hacktiv8\\Materi\\Phase 2\\Individual Project\\CarSwift\\routes\\adminRouter.js","statementMap":{"0":{"start":{"line":1,"column":16},"end":{"line":1,"column":34}},"1":{"start":{"line":2,"column":16},"end":{"line":2,"column":55}},"2":{"start":{"line":4,"column":23},"end":{"line":4,"column":63}},"3":{"start":{"line":6,"column":20},"end":{"line":6,"column":36}},"4":{"start":{"line":8,"column":0},"end":{"line":8,"column":58}},"5":{"start":{"line":10,"column":0},"end":{"line":10,"column":67}},"6":{"start":{"line":12,"column":0},"end":{"line":12,"column":71}},"7":{"start":{"line":14,"column":0},"end":{"line":14,"column":29}}},"fnMap":{},"branchMap":{},"s":{"0":1,"1":1,"2":1,"3":1,"4":1,"5":1,"6":1,"7":1},"f":{},"b":{},"_coverageSchema":"1a1c01bbd47fc00a2c39e90264f33305004495a9","hash":"ca90fdc284863c77829a57a454e453a945a549c0"}
,"D:\\Hacktiv8\\Materi\\Phase 2\\Individual Project\\CarSwift\\routes\\carRouter.js": {"path":"D:\\Hacktiv8\\Materi\\Phase 2\\Individual Project\\CarSwift\\routes\\carRouter.js","statementMap":{"0":{"start":{"line":1,"column":16},"end":{"line":1,"column":34}},"1":{"start":{"line":2,"column":16},"end":{"line":2,"column":55}},"2":{"start":{"line":4,"column":22},"end":{"line":4,"column":61}},"3":{"start":{"line":6,"column":18},"end":{"line":6,"column":34}},"4":{"start":{"line":8,"column":0},"end":{"line":8,"column":45}},"5":{"start":{"line":10,"column":0},"end":{"line":10,"column":48}},"6":{"start":{"line":12,"column":0},"end":{"line":12,"column":54}},"7":{"start":{"line":14,"column":0},"end":{"line":14,"column":60}},"8":{"start":{"line":16,"column":0},"end":{"line":16,"column":59}},"9":{"start":{"line":18,"column":0},"end":{"line":18,"column":27}}},"fnMap":{},"branchMap":{},"s":{"0":1,"1":1,"2":1,"3":1,"4":1,"5":1,"6":1,"7":1,"8":1,"9":1},"f":{},"b":{},"_coverageSchema":"1a1c01bbd47fc00a2c39e90264f33305004495a9","hash":"3a5fe9afc33d949df8a21ae00c1f827c0c942099"}
,"D:\\Hacktiv8\\Materi\\Phase 2\\Individual Project\\CarSwift\\routes\\index.js": {"path":"D:\\Hacktiv8\\Materi\\Phase 2\\Individual Project\\CarSwift\\routes\\index.js","statementMap":{"0":{"start":{"line":1,"column":16},"end":{"line":1,"column":34}},"1":{"start":{"line":2,"column":23},"end":{"line":2,"column":63}},"2":{"start":{"line":4,"column":19},"end":{"line":4,"column":50}},"3":{"start":{"line":5,"column":23},"end":{"line":5,"column":63}},"4":{"start":{"line":7,"column":21},"end":{"line":7,"column":46}},"5":{"start":{"line":8,"column":20},"end":{"line":8,"column":44}},"6":{"start":{"line":9,"column":19},"end":{"line":9,"column":42}},"7":{"start":{"line":10,"column":18},"end":{"line":10,"column":40}},"8":{"start":{"line":11,"column":21},"end":{"line":11,"column":46}},"9":{"start":{"line":13,"column":15},"end":{"line":13,"column":31}},"10":{"start":{"line":15,"column":0},"end":{"line":15,"column":33}},"11":{"start":{"line":17,"column":0},"end":{"line":17,"column":52}},"12":{"start":{"line":18,"column":0},"end":{"line":18,"column":44}},"13":{"start":{"line":20,"column":0},"end":{"line":20,"column":33}},"14":{"start":{"line":22,"column":0},"end":{"line":22,"column":27}},"15":{"start":{"line":24,"column":0},"end":{"line":24,"column":35}},"16":{"start":{"line":26,"column":0},"end":{"line":26,"column":34}},"17":{"start":{"line":28,"column":0},"end":{"line":28,"column":31}},"18":{"start":{"line":30,"column":0},"end":{"line":30,"column":37}},"19":{"start":{"line":32,"column":0},"end":{"line":32,"column":24}}},"fnMap":{},"branchMap":{},"s":{"0":1,"1":1,"2":1,"3":1,"4":1,"5":1,"6":1,"7":1,"8":1,"9":1,"10":1,"11":1,"12":1,"13":1,"14":1,"15":1,"16":1,"17":1,"18":1,"19":1},"f":{},"b":{},"_coverageSchema":"1a1c01bbd47fc00a2c39e90264f33305004495a9","hash":"b9d81302cf0ce8d051c2e9c2477451a7f08069b9"}
,"D:\\Hacktiv8\\Materi\\Phase 2\\Individual Project\\CarSwift\\routes\\publicRouter.js": {"path":"D:\\Hacktiv8\\Materi\\Phase 2\\Individual Project\\CarSwift\\routes\\publicRouter.js","statementMap":{"0":{"start":{"line":1,"column":16},"end":{"line":1,"column":34}},"1":{"start":{"line":2,"column":25},"end":{"line":2,"column":67}},"2":{"start":{"line":4,"column":21},"end":{"line":4,"column":37}},"3":{"start":{"line":6,"column":0},"end":{"line":6,"column":55}},"4":{"start":{"line":8,"column":0},"end":{"line":8,"column":62}},"5":{"start":{"line":10,"column":0},"end":{"line":10,"column":30}}},"fnMap":{},"branchMap":{},"s":{"0":1,"1":1,"2":1,"3":1,"4":1,"5":1},"f":{},"b":{},"_coverageSchema":"1a1c01bbd47fc00a2c39e90264f33305004495a9","hash":"23859479a52ab051340a9be5c1cbf8bdbe601298"}
,"D:\\Hacktiv8\\Materi\\Phase 2\\Individual Project\\CarSwift\\routes\\rentalRouter.js": {"path":"D:\\Hacktiv8\\Materi\\Phase 2\\Individual Project\\CarSwift\\routes\\rentalRouter.js","statementMap":{"0":{"start":{"line":1,"column":16},"end":{"line":1,"column":34}},"1":{"start":{"line":2,"column":25},"end":{"line":2,"column":67}},"2":{"start":{"line":3,"column":16},"end":{"line":3,"column":55}},"3":{"start":{"line":5,"column":21},"end":{"line":5,"column":37}},"4":{"start":{"line":7,"column":0},"end":{"line":7,"column":49}},"5":{"start":{"line":10,"column":0},"end":{"line":10,"column":63}},"6":{"start":{"line":13,"column":0},"end":{"line":13,"column":62}},"7":{"start":{"line":16,"column":0},"end":{"line":16,"column":65}},"8":{"start":{"line":18,"column":0},"end":{"line":18,"column":30}}},"fnMap":{},"branchMap":{},"s":{"0":1,"1":1,"2":1,"3":1,"4":1,"5":1,"6":1,"7":1,"8":1},"f":{},"b":{},"_coverageSchema":"1a1c01bbd47fc00a2c39e90264f33305004495a9","hash":"0704cd72718014a4fc891f75ce2950563664713e"}
,"D:\\Hacktiv8\\Materi\\Phase 2\\Individual Project\\CarSwift\\routes\\userRouter.js": {"path":"D:\\Hacktiv8\\Materi\\Phase 2\\Individual Project\\CarSwift\\routes\\userRouter.js","statementMap":{"0":{"start":{"line":1,"column":16},"end":{"line":1,"column":34}},"1":{"start":{"line":3,"column":23},"end":{"line":3,"column":63}},"2":{"start":{"line":5,"column":19},"end":{"line":5,"column":35}},"3":{"start":{"line":7,"column":0},"end":{"line":7,"column":50}},"4":{"start":{"line":9,"column":0},"end":{"line":9,"column":28}}},"fnMap":{},"branchMap":{},"s":{"0":1,"1":1,"2":1,"3":1,"4":1},"f":{},"b":{},"_coverageSchema":"1a1c01bbd47fc00a2c39e90264f33305004495a9","hash":"b04933f45d5e328dbff4d0e91a82fef3742e04de"}
}
