TN:
SF:app.js
FNF:0
FNH:0
DA:1,1
DA:3,1
DA:4,1
DA:5,1
DA:6,1
DA:8,1
DA:9,1
DA:11,1
DA:13,1
DA:19,1
LF:10
LH:10
BRF:0
BRH:0
end_of_record
TN:
SF:controllers\carController.js
FN:5,(anonymous_0)
FN:37,(anonymous_1)
FN:56,(anonymous_2)
FN:66,(anonymous_3)
FN:109,(anonymous_4)
FNF:5
FNH:5
FNDA:3,(anonymous_0)
FNDA:3,(anonymous_1)
FNDA:7,(anonymous_2)
FNDA:9,(anonymous_3)
FNDA:2,(anonymous_4)
DA:1,1
DA:2,1
DA:6,3
DA:7,3
DA:8,3
DA:10,3
DA:12,3
DA:14,3
DA:16,3
DA:17,0
DA:18,0
DA:19,0
DA:22,3
DA:23,3
DA:24,3
DA:26,3
DA:31,3
DA:33,0
DA:38,3
DA:39,3
DA:40,3
DA:42,3
DA:44,3
DA:46,3
DA:47,2
DA:50,1
DA:52,2
DA:57,7
DA:58,7
DA:60,1
DA:62,6
DA:67,9
DA:68,9
DA:70,9
DA:71,1
DA:74,8
DA:75,1
DA:78,7
DA:79,1
DA:82,6
DA:83,1
DA:86,5
DA:87,1
DA:90,4
DA:91,1
DA:94,3
DA:96,3
DA:97,3
DA:98,2
DA:101,1
DA:103,1
DA:105,8
DA:110,2
DA:111,2
DA:113,2
DA:114,2
DA:115,1
DA:118,1
DA:120,1
DA:122,1
DA:127,1
LF:61
LH:57
BRDA:10,0,0,0
BRDA:10,0,1,3
BRDA:12,1,0,0
BRDA:12,1,1,3
BRDA:14,2,0,1
BRDA:14,2,1,2
BRDA:16,3,0,0
BRDA:16,3,1,3
BRDA:16,4,0,3
BRDA:16,4,1,3
BRDA:18,5,0,0
BRDA:18,5,1,0
BRDA:19,6,0,0
BRDA:19,6,1,0
BRDA:23,7,0,0
BRDA:23,7,1,3
BRDA:24,8,0,0
BRDA:24,8,1,3
BRDA:42,9,0,0
BRDA:42,9,1,3
BRDA:46,10,0,2
BRDA:46,10,1,1
BRDA:70,11,0,1
BRDA:70,11,1,8
BRDA:74,12,0,1
BRDA:74,12,1,7
BRDA:78,13,0,1
BRDA:78,13,1,6
BRDA:82,14,0,1
BRDA:82,14,1,5
BRDA:86,15,0,1
BRDA:86,15,1,4
BRDA:90,16,0,1
BRDA:90,16,1,3
BRDA:97,17,0,2
BRDA:97,17,1,1
BRDA:114,18,0,1
BRDA:114,18,1,1
BRF:38
BRH:28
end_of_record
TN:
SF:controllers\index.js
FN:2,(anonymous_0)
FNF:1
FNH:1
FNDA:1,(anonymous_0)
DA:3,1
DA:7,1
LF:2
LH:2
BRF:0
BRH:0
end_of_record
TN:
SF:controllers\publicController.js
FN:5,(anonymous_0)
FN:63,(anonymous_1)
FNF:2
FNH:2
FNDA:3,(anonymous_0)
FNDA:2,(anonymous_1)
DA:1,1
DA:2,1
DA:7,3
DA:8,3
DA:10,3
DA:12,3
DA:13,0
DA:16,3
DA:17,1
DA:20,3
DA:21,0
DA:22,0
DA:23,0
DA:25,0
DA:26,0
DA:31,3
DA:32,3
DA:33,0
DA:34,0
DA:35,0
DA:40,3
DA:41,3
DA:42,3
DA:45,3
DA:52,3
DA:59,0
DA:64,2
DA:65,2
DA:67,2
DA:69,2
DA:70,1
DA:73,1
DA:75,1
DA:80,1
LF:34
LH:24
BRDA:12,0,0,0
BRDA:12,0,1,3
BRDA:16,1,0,1
BRDA:16,1,1,2
BRDA:20,2,0,0
BRDA:20,2,1,3
BRDA:20,3,0,3
BRDA:20,3,1,3
BRDA:22,4,0,0
BRDA:22,4,1,0
BRDA:25,5,0,0
BRDA:25,5,1,0
BRDA:32,6,0,0
BRDA:32,6,1,3
BRDA:34,7,0,0
BRDA:34,7,1,0
BRDA:35,8,0,0
BRDA:35,8,1,0
BRDA:40,9,0,3
BRDA:40,9,1,2
BRDA:41,10,0,3
BRDA:41,10,1,2
BRDA:69,11,0,1
BRDA:69,11,1,1
BRF:24
BRH:13
end_of_record
TN:
SF:controllers\rentalController.js
FN:5,(anonymous_0)
FN:68,(anonymous_1)
FN:86,(anonymous_2)
FN:107,(anonymous_3)
FNF:4
FNH:4
FNDA:6,(anonymous_0)
FNDA:1,(anonymous_1)
FNDA:1,(anonymous_2)
FNDA:1,(anonymous_3)
DA:1,1
DA:2,1
DA:6,6
DA:7,6
DA:8,6
DA:10,6
DA:11,1
DA:14,5
DA:15,1
DA:18,4
DA:19,1
DA:22,3
DA:23,1
DA:29,2
DA:30,2
DA:31,1
DA:33,1
DA:34,0
DA:37,1
DA:44,1
DA:45,0
DA:48,1
DA:56,1
DA:58,1
DA:62,5
DA:63,5
DA:69,1
DA:70,1
DA:75,1
DA:76,0
DA:79,1
DA:81,0
DA:87,1
DA:88,1
DA:101,1
DA:103,0
DA:108,1
DA:109,1
DA:110,1
DA:112,1
DA:113,0
DA:115,1
DA:116,0
DA:123,1
DA:126,1
DA:128,1
DA:129,1
DA:133,0
DA:138,1
LF:49
LH:41
BRDA:10,0,0,1
BRDA:10,0,1,5
BRDA:14,1,0,1
BRDA:14,1,1,4
BRDA:18,2,0,1
BRDA:18,2,1,3
BRDA:22,3,0,1
BRDA:22,3,1,2
BRDA:30,4,0,1
BRDA:30,4,1,1
BRDA:33,5,0,0
BRDA:33,5,1,1
BRDA:44,6,0,0
BRDA:44,6,1,1
BRDA:75,7,0,0
BRDA:75,7,1,1
BRDA:112,8,0,0
BRDA:112,8,1,1
BRDA:115,9,0,0
BRDA:115,9,1,1
BRDA:115,10,0,1
BRDA:115,10,1,0
BRF:22
BRH:16
end_of_record
TN:
SF:controllers\userController.js
FN:6,(anonymous_0)
FN:20,(anonymous_1)
FN:45,(anonymous_2)
FN:71,(anonymous_3)
FN:89,(anonymous_4)
FN:102,(anonymous_5)
FNF:6
FNH:6
FNDA:9,(anonymous_0)
FNDA:6,(anonymous_1)
FNDA:6,(anonymous_2)
FNDA:2,(anonymous_3)
FNDA:1,(anonymous_4)
FNDA:3,(anonymous_5)
DA:1,1
DA:2,1
DA:3,1
DA:7,9
DA:8,9
DA:10,1
DA:15,8
DA:16,8
DA:21,6
DA:22,6
DA:23,6
DA:24,3
DA:27,3
DA:28,3
DA:29,1
DA:32,2
DA:33,2
DA:34,1
DA:37,1
DA:39,1
DA:41,5
DA:46,6
DA:47,6
DA:48,6
DA:50,6
DA:51,6
DA:52,6
DA:53,6
DA:55,6
DA:61,1
DA:62,0
DA:65,1
DA:67,5
DA:72,2
DA:73,2
DA:75,2
DA:77,2
DA:78,1
DA:81,1
DA:85,1
DA:90,1
DA:91,1
DA:96,1
DA:98,0
DA:103,3
DA:104,3
DA:105,3
DA:107,3
DA:108,3
DA:109,1
DA:112,2
DA:114,2
DA:115,1
DA:118,1
DA:122,2
DA:127,1
LF:56
LH:54
BRDA:23,0,0,3
BRDA:23,0,1,3
BRDA:23,1,0,6
BRDA:23,1,1,4
BRDA:28,2,0,1
BRDA:28,2,1,2
BRDA:33,3,0,1
BRDA:33,3,1,1
BRDA:51,4,0,6
BRDA:51,4,1,0
BRDA:52,5,0,6
BRDA:52,5,1,0
BRDA:53,6,0,2
BRDA:53,6,1,4
BRDA:61,7,0,0
BRDA:61,7,1,1
BRDA:77,8,0,1
BRDA:77,8,1,1
BRDA:108,9,0,1
BRDA:108,9,1,2
BRDA:114,10,0,1
BRDA:114,10,1,1
BRF:22
BRH:19
end_of_record
TN:
SF:helpers\bcrypt.js
FN:4,(anonymous_0)
FN:7,(anonymous_1)
FNF:2
FNH:2
FNDA:7,(anonymous_0)
FNDA:2,(anonymous_1)
DA:1,1
DA:3,1
DA:5,7
DA:8,2
LF:4
LH:4
BRF:0
BRH:0
end_of_record
TN:
SF:helpers\dateFormatter.js
FN:1,formatDateTime
FNF:1
FNH:1
FNDA:4,formatDateTime
DA:2,4
DA:12,1
LF:2
LH:2
BRF:0
BRH:0
end_of_record
TN:
SF:helpers\jwt.js
FN:7,(anonymous_0)
FN:9,(anonymous_1)
FNF:2
FNH:2
FNDA:3,(anonymous_0)
FNDA:64,(anonymous_1)
DA:1,1
DA:2,1
DA:4,1
DA:6,1
DA:7,3
DA:10,64
DA:11,64
DA:13,12
LF:8
LH:8
BRF:0
BRH:0
end_of_record
TN:
SF:middlewares\authentication.js
FN:4,authentication
FNF:1
FNH:1
FNDA:75,authentication
DA:1,1
DA:2,1
DA:5,75
DA:6,75
DA:7,75
DA:8,11
DA:11,64
DA:12,64
DA:13,0
DA:16,64
DA:18,52
DA:19,52
DA:20,0
DA:23,52
DA:25,52
DA:27,23
DA:31,1
LF:17
LH:15
BRDA:7,0,0,11
BRDA:7,0,1,64
BRDA:12,1,0,0
BRDA:12,1,1,64
BRDA:19,2,0,0
BRDA:19,2,1,52
BRF:6
BRH:4
end_of_record
TN:
SF:middlewares\authorization.js
FN:1,isAdmin
FNF:1
FNH:1
FNDA:32,isAdmin
DA:2,32
DA:3,7
DA:5,25
DA:8,1
LF:4
LH:4
BRDA:2,0,0,7
BRDA:2,0,1,25
BRF:2
BRH:2
end_of_record
TN:
SF:middlewares\errorHandler.js
FN:1,errorHandler
FNF:1
FNH:1
FNDA:74,errorHandler
DA:4,74
DA:5,74
DA:8,74
DA:12,19
DA:13,19
DA:16,74
DA:17,5
DA:18,5
DA:22,74
DA:27,23
DA:28,23
DA:32,74
DA:33,7
DA:34,7
DA:37,74
DA:38,5
DA:39,5
DA:43,74
DA:44,2
DA:45,2
DA:48,74
DA:51,1
LF:22
LH:22
BRDA:4,0,0,74
BRDA:4,0,1,59
BRDA:5,1,0,74
BRDA:5,1,1,0
BRDA:8,2,0,19
BRDA:8,2,1,55
BRDA:9,3,0,74
BRDA:9,3,1,56
BRDA:16,4,0,5
BRDA:16,4,1,69
BRDA:18,5,0,5
BRDA:18,5,1,0
BRDA:22,6,0,23
BRDA:22,6,1,51
BRDA:23,7,0,74
BRDA:23,7,1,62
BRDA:23,7,2,62
BRDA:28,8,0,23
BRDA:28,8,1,0
BRDA:32,9,0,7
BRDA:32,9,1,67
BRDA:34,10,0,7
BRDA:34,10,1,0
BRDA:37,11,0,5
BRDA:37,11,1,69
BRDA:39,12,0,5
BRDA:39,12,1,0
BRDA:43,13,0,2
BRDA:43,13,1,72
BRDA:45,14,0,2
BRDA:45,14,1,0
BRF:31
BRH:25
end_of_record
TN:
SF:models\car.js
FN:4,(anonymous_0)
FN:11,(anonymous_1)
FN:97,(anonymous_2)
FNF:3
FNH:3
FNDA:1,(anonymous_0)
FNDA:1,(anonymous_1)
FNDA:1,(anonymous_2)
DA:2,1
DA:4,1
DA:13,1
DA:16,1
DA:97,1
DA:98,1
DA:100,1
LF:7
LH:7
BRF:0
BRH:0
end_of_record
TN:
SF:models\index.js
FN:21,(anonymous_0)
FN:29,(anonymous_1)
FN:34,(anonymous_2)
FNF:3
FNH:3
FNDA:4,(anonymous_0)
FNDA:3,(anonymous_1)
FNDA:3,(anonymous_2)
DA:3,1
DA:4,1
DA:5,1
DA:6,1
DA:7,1
DA:8,1
DA:9,1
DA:10,1
DA:13,1
DA:14,0
DA:16,1
DA:19,1
DA:22,4
DA:30,3
DA:31,3
DA:34,1
DA:35,3
DA:36,3
DA:40,1
DA:41,1
DA:43,1
LF:21
LH:20
BRDA:8,0,0,1
BRDA:8,0,1,0
BRDA:13,1,0,0
BRDA:13,1,1,1
BRDA:23,2,0,4
BRDA:23,2,1,4
BRDA:23,2,2,3
BRDA:23,2,3,3
BRDA:35,3,0,3
BRDA:35,3,1,0
BRF:10
BRH:7
end_of_record
TN:
SF:models\rental.js
FN:4,(anonymous_0)
FN:11,(anonymous_1)
FNF:2
FNH:2
FNDA:1,(anonymous_0)
FNDA:1,(anonymous_1)
DA:2,1
DA:4,1
DA:13,1
DA:14,1
DA:17,1
DA:85,1
LF:6
LH:6
BRF:0
BRH:0
end_of_record
TN:
SF:models\user.js
FN:5,(anonymous_0)
FN:12,(anonymous_1)
FN:75,(anonymous_2)
FNF:3
FNH:3
FNDA:1,(anonymous_0)
FNDA:1,(anonymous_1)
FNDA:2,(anonymous_2)
DA:2,1
DA:3,1
DA:5,1
DA:14,1
DA:17,1
DA:75,1
DA:76,2
DA:77,2
DA:78,0
DA:81,1
LF:10
LH:9
BRDA:77,0,0,0
BRDA:77,0,1,2
BRF:2
BRH:1
end_of_record
TN:
SF:routes\adminRouter.js
FNF:0
FNH:0
DA:1,1
DA:2,1
DA:4,1
DA:6,1
DA:8,1
DA:10,1
DA:12,1
DA:14,1
LF:8
LH:8
BRF:0
BRH:0
end_of_record
TN:
SF:routes\carRouter.js
FNF:0
FNH:0
DA:1,1
DA:2,1
DA:4,1
DA:6,1
DA:8,1
DA:10,1
DA:12,1
DA:14,1
DA:16,1
DA:18,1
LF:10
LH:10
BRF:0
BRH:0
end_of_record
TN:
SF:routes\index.js
FNF:0
FNH:0
DA:1,1
DA:2,1
DA:4,1
DA:5,1
DA:7,1
DA:8,1
DA:9,1
DA:10,1
DA:11,1
DA:13,1
DA:15,1
DA:17,1
DA:18,1
DA:20,1
DA:22,1
DA:24,1
DA:26,1
DA:28,1
DA:30,1
DA:32,1
LF:20
LH:20
BRF:0
BRH:0
end_of_record
TN:
SF:routes\publicRouter.js
FNF:0
FNH:0
DA:1,1
DA:2,1
DA:4,1
DA:6,1
DA:8,1
DA:10,1
LF:6
LH:6
BRF:0
BRH:0
end_of_record
TN:
SF:routes\rentalRouter.js
FNF:0
FNH:0
DA:1,1
DA:2,1
DA:3,1
DA:5,1
DA:7,1
DA:10,1
DA:13,1
DA:16,1
DA:18,1
LF:9
LH:9
BRF:0
BRH:0
end_of_record
TN:
SF:routes\userRouter.js
FNF:0
FNH:0
DA:1,1
DA:3,1
DA:5,1
DA:7,1
DA:9,1
LF:5
LH:5
BRF:0
BRH:0
end_of_record
